<?xml version="1.0" encoding="UTF-8"?>
<!--
 [y] hybris Platform

 Copyright (c) 2018 SAP SE or an SAP affiliate company. All rights reserved.

 This software is the confidential and proprietary information of SAP
 ("Confidential Information"). You shall not disclose such Confidential
 Information and shall use it only in accordance with the terms of the
 license agreement you entered into with SAP.
-->
<beans xmlns="http://www.springframework.org/schema/beans"
		 xmlns:xsi="http://www.w3.org/2001/XMLSchema-instance"
		 xsi:schemaLocation="http://www.springframework.org/schema/beans
           http://www.springframework.org/schema/beans/spring-beans.xsd">

	<bean id="stopTaskEngineRunListener" class="de.hybris.platform.task.utils.TaskEngineTestRunListener" scope="prototype">
		<property name="taskService" ref="taskService"/>
	</bean>

	<bean id="preWaitAction" class="de.hybris.platform.processengine.RestartBusinessProcessTest.PreWaitAction"/>

	<bean id="postWaitAction" class="de.hybris.platform.processengine.RestartBusinessProcessTest.PostWaitAction"/>

	<bean id="repairBusinessProcessResource" class="de.hybris.platform.processengine.definition.ProcessDefinitionResource">
		<property name="resource" value="classpath:/processengine/test/repairBusinessProcessDefinition.xml"/>
	</bean>

	<bean id="testDistributedProcessHandler" class="de.hybris.platform.processing.distributed.defaultimpl.TestDistributedProcessHandler">
		<constructor-arg ref="modelService" />
		<constructor-arg ref="flexibleSearchService" />
	</bean>

</beans>
