<?xml version="1.0" encoding="UTF-8"?>
<testsuite xmlns:xsi="http://www.w3.org/2001/XMLSchema-instance" xsi:noNamespaceSchemaLocation="https://maven.apache.org/surefire/maven-surefire-plugin/xsd/surefire-test-report.xsd" name="com.hybris.hybris123.runtime.tests.Hybris123Tests" time="1.668" tests="1" errors="0" skipped="0" failures="1">
  <properties>
    <property name="gopherProxySet" value="false"/>
    <property name="awt.toolkit" value="sun.lwawt.macosx.LWCToolkit"/>
    <property name="file.encoding.pkg" value="sun.io"/>
    <property name="java.specification.version" value="1.8"/>
    <property name="sun.cpu.isalist" value=""/>
    <property name="sun.jnu.encoding" value="UTF-8"/>
    <property name="java.class.path" value="/Users/miztlimelgoza/.m2/repository/org/apache/maven/surefire/surefire-booter/2.22.1/surefire-booter-2.22.1.jar:/Users/miztlimelgoza/.m2/repository/org/apache/maven/surefire/surefire-api/2.22.1/surefire-api-2.22.1.jar:/Users/miztlimelgoza/.m2/repository/org/apache/maven/surefire/surefire-logger-api/2.22.1/surefire-logger-api-2.22.1.jar:/Users/miztlimelgoza/workspace/personal/hybris_tutorial/platform_only_recipe/hybris123/target/classes:/Users/miztlimelgoza/.m2/repository/org/springframework/boot/spring-boot-starter-web/2.1.1.RELEASE/spring-boot-starter-web-2.1.1.RELEASE.jar:/Users/miztlimelgoza/.m2/repository/org/springframework/boot/spring-boot-starter/2.1.1.RELEASE/spring-boot-starter-2.1.1.RELEASE.jar:/Users/miztlimelgoza/.m2/repository/org/springframework/boot/spring-boot/2.1.1.RELEASE/spring-boot-2.1.1.RELEASE.jar:/Users/miztlimelgoza/.m2/repository/org/springframework/boot/spring-boot-autoconfigure/2.1.1.RELEASE/spring-boot-autoconfigure-2.1.1.RELEASE.jar:/Users/miztlimelgoza/.m2/repository/org/springframework/boot/spring-boot-starter-logging/2.1.1.RELEASE/spring-boot-starter-logging-2.1.1.RELEASE.jar:/Users/miztlimelgoza/.m2/repository/ch/qos/logback/logback-classic/1.2.3/logback-classic-1.2.3.jar:/Users/miztlimelgoza/.m2/repository/ch/qos/logback/logback-core/1.2.3/logback-core-1.2.3.jar:/Users/miztlimelgoza/.m2/repository/org/apache/logging/log4j/log4j-to-slf4j/2.11.1/log4j-to-slf4j-2.11.1.jar:/Users/miztlimelgoza/.m2/repository/org/slf4j/jul-to-slf4j/1.7.25/jul-to-slf4j-1.7.25.jar:/Users/miztlimelgoza/.m2/repository/javax/annotation/javax.annotation-api/1.3.2/javax.annotation-api-1.3.2.jar:/Users/miztlimelgoza/.m2/repository/org/yaml/snakeyaml/1.23/snakeyaml-1.23.jar:/Users/miztlimelgoza/.m2/repository/org/springframework/boot/spring-boot-starter-json/2.1.1.RELEASE/spring-boot-starter-json-2.1.1.RELEASE.jar:/Users/miztlimelgoza/.m2/repository/com/fasterxml/jackson/core/jackson-databind/2.9.7/jackson-databind-2.9.7.jar:/Users/miztlimelgoza/.m2/repository/com/fasterxml/jackson/core/jackson-annotations/2.9.0/jackson-annotations-2.9.0.jar:/Users/miztlimelgoza/.m2/repository/com/fasterxml/jackson/core/jackson-core/2.9.7/jackson-core-2.9.7.jar:/Users/miztlimelgoza/.m2/repository/com/fasterxml/jackson/datatype/jackson-datatype-jdk8/2.9.7/jackson-datatype-jdk8-2.9.7.jar:/Users/miztlimelgoza/.m2/repository/com/fasterxml/jackson/datatype/jackson-datatype-jsr310/2.9.7/jackson-datatype-jsr310-2.9.7.jar:/Users/miztlimelgoza/.m2/repository/com/fasterxml/jackson/module/jackson-module-parameter-names/2.9.7/jackson-module-parameter-names-2.9.7.jar:/Users/miztlimelgoza/.m2/repository/org/springframework/boot/spring-boot-starter-tomcat/2.1.1.RELEASE/spring-boot-starter-tomcat-2.1.1.RELEASE.jar:/Users/miztlimelgoza/.m2/repository/org/apache/tomcat/embed/tomcat-embed-core/9.0.13/tomcat-embed-core-9.0.13.jar:/Users/miztlimelgoza/.m2/repository/org/apache/tomcat/embed/tomcat-embed-el/9.0.13/tomcat-embed-el-9.0.13.jar:/Users/miztlimelgoza/.m2/repository/org/apache/tomcat/embed/tomcat-embed-websocket/9.0.13/tomcat-embed-websocket-9.0.13.jar:/Users/miztlimelgoza/.m2/repository/org/hibernate/validator/hibernate-validator/6.0.13.Final/hibernate-validator-6.0.13.Final.jar:/Users/miztlimelgoza/.m2/repository/javax/validation/validation-api/2.0.1.Final/validation-api-2.0.1.Final.jar:/Users/miztlimelgoza/.m2/repository/org/jboss/logging/jboss-logging/3.3.2.Final/jboss-logging-3.3.2.Final.jar:/Users/miztlimelgoza/.m2/repository/com/fasterxml/classmate/1.4.0/classmate-1.4.0.jar:/Users/miztlimelgoza/.m2/repository/org/springframework/spring-web/5.1.3.RELEASE/spring-web-5.1.3.RELEASE.jar:/Users/miztlimelgoza/.m2/repository/org/springframework/spring-beans/5.1.3.RELEASE/spring-beans-5.1.3.RELEASE.jar:/Users/miztlimelgoza/.m2/repository/org/springframework/spring-webmvc/5.1.3.RELEASE/spring-webmvc-5.1.3.RELEASE.jar:/Users/miztlimelgoza/.m2/repository/org/springframework/spring-aop/5.1.3.RELEASE/spring-aop-5.1.3.RELEASE.jar:/Users/miztlimelgoza/.m2/repository/org/springframework/spring-context/5.1.3.RELEASE/spring-context-5.1.3.RELEASE.jar:/Users/miztlimelgoza/.m2/repository/org/springframework/spring-expression/5.1.3.RELEASE/spring-expression-5.1.3.RELEASE.jar:/Users/miztlimelgoza/.m2/repository/org/springframework/boot/spring-boot-starter-test/2.1.1.RELEASE/spring-boot-starter-test-2.1.1.RELEASE.jar:/Users/miztlimelgoza/.m2/repository/org/springframework/boot/spring-boot-test/2.1.1.RELEASE/spring-boot-test-2.1.1.RELEASE.jar:/Users/miztlimelgoza/.m2/repository/org/springframework/boot/spring-boot-test-autoconfigure/2.1.1.RELEASE/spring-boot-test-autoconfigure-2.1.1.RELEASE.jar:/Users/miztlimelgoza/.m2/repository/com/jayway/jsonpath/json-path/2.4.0/json-path-2.4.0.jar:/Users/miztlimelgoza/.m2/repository/net/minidev/json-smart/2.3/json-smart-2.3.jar:/Users/miztlimelgoza/.m2/repository/net/minidev/accessors-smart/1.2/accessors-smart-1.2.jar:/Users/miztlimelgoza/.m2/repository/org/ow2/asm/asm/5.0.4/asm-5.0.4.jar:/Users/miztlimelgoza/.m2/repository/junit/junit/4.12/junit-4.12.jar:/Users/miztlimelgoza/.m2/repository/org/assertj/assertj-core/3.11.1/assertj-core-3.11.1.jar:/Users/miztlimelgoza/.m2/repository/org/hamcrest/hamcrest-core/1.3/hamcrest-core-1.3.jar:/Users/miztlimelgoza/.m2/repository/org/hamcrest/hamcrest-library/1.3/hamcrest-library-1.3.jar:/Users/miztlimelgoza/.m2/repository/org/skyscreamer/jsonassert/1.5.0/jsonassert-1.5.0.jar:/Users/miztlimelgoza/.m2/repository/com/vaadin/external/google/android-json/0.0.20131108.vaadin1/android-json-0.0.20131108.vaadin1.jar:/Users/miztlimelgoza/.m2/repository/org/springframework/spring-core/5.1.3.RELEASE/spring-core-5.1.3.RELEASE.jar:/Users/miztlimelgoza/.m2/repository/org/springframework/spring-jcl/5.1.3.RELEASE/spring-jcl-5.1.3.RELEASE.jar:/Users/miztlimelgoza/.m2/repository/org/springframework/spring-test/5.1.3.RELEASE/spring-test-5.1.3.RELEASE.jar:/Users/miztlimelgoza/.m2/repository/org/xmlunit/xmlunit-core/2.6.2/xmlunit-core-2.6.2.jar:/Users/miztlimelgoza/.m2/repository/org/hsqldb/hsqldb/2.4.1/hsqldb-2.4.1.jar:/Users/miztlimelgoza/.m2/repository/org/jsoup/jsoup/1.11.3/jsoup-1.11.3.jar:/Users/miztlimelgoza/.m2/repository/de/java2html/java2html/5.0/java2html-5.0.jar:/Users/miztlimelgoza/.m2/repository/commons-io/commons-io/2.6/commons-io-2.6.jar:/Users/miztlimelgoza/.m2/repository/org/apache/commons/commons-collections4/4.2/commons-collections4-4.2.jar:/Users/miztlimelgoza/.m2/repository/org/seleniumhq/selenium/selenium-java/3.14.0/selenium-java-3.14.0.jar:/Users/miztlimelgoza/.m2/repository/org/seleniumhq/selenium/selenium-api/3.14.0/selenium-api-3.14.0.jar:/Users/miztlimelgoza/.m2/repository/org/seleniumhq/selenium/selenium-chrome-driver/3.14.0/selenium-chrome-driver-3.14.0.jar:/Users/miztlimelgoza/.m2/repository/org/seleniumhq/selenium/selenium-edge-driver/3.14.0/selenium-edge-driver-3.14.0.jar:/Users/miztlimelgoza/.m2/repository/org/seleniumhq/selenium/selenium-firefox-driver/3.14.0/selenium-firefox-driver-3.14.0.jar:/Users/miztlimelgoza/.m2/repository/org/seleniumhq/selenium/selenium-ie-driver/3.14.0/selenium-ie-driver-3.14.0.jar:/Users/miztlimelgoza/.m2/repository/org/seleniumhq/selenium/selenium-opera-driver/3.14.0/selenium-opera-driver-3.14.0.jar:/Users/miztlimelgoza/.m2/repository/org/seleniumhq/selenium/selenium-remote-driver/3.14.0/selenium-remote-driver-3.14.0.jar:/Users/miztlimelgoza/.m2/repository/org/seleniumhq/selenium/selenium-safari-driver/3.14.0/selenium-safari-driver-3.14.0.jar:/Users/miztlimelgoza/.m2/repository/org/seleniumhq/selenium/selenium-support/3.14.0/selenium-support-3.14.0.jar:/Users/miztlimelgoza/.m2/repository/net/bytebuddy/byte-buddy/1.9.5/byte-buddy-1.9.5.jar:/Users/miztlimelgoza/.m2/repository/org/apache/commons/commons-exec/1.3/commons-exec-1.3.jar:/Users/miztlimelgoza/.m2/repository/commons-codec/commons-codec/1.11/commons-codec-1.11.jar:/Users/miztlimelgoza/.m2/repository/commons-logging/commons-logging/1.2/commons-logging-1.2.jar:/Users/miztlimelgoza/.m2/repository/org/apache/httpcomponents/httpclient/4.5.6/httpclient-4.5.6.jar:/Users/miztlimelgoza/.m2/repository/org/apache/httpcomponents/httpcore/4.4.10/httpcore-4.4.10.jar:/Users/miztlimelgoza/.m2/repository/com/squareup/okhttp3/okhttp/3.10.0/okhttp-3.10.0.jar:/Users/miztlimelgoza/.m2/repository/com/squareup/okio/okio/1.14.1/okio-1.14.1.jar:/Users/miztlimelgoza/.m2/repository/com/google/guava/guava/27.0-jre/guava-27.0-jre.jar:/Users/miztlimelgoza/.m2/repository/com/google/guava/failureaccess/1.0/failureaccess-1.0.jar:/Users/miztlimelgoza/.m2/repository/com/google/guava/listenablefuture/9999.0-empty-to-avoid-conflict-with-guava/listenablefuture-9999.0-empty-to-avoid-conflict-with-guava.jar:/Users/miztlimelgoza/.m2/repository/com/google/code/findbugs/jsr305/3.0.2/jsr305-3.0.2.jar:/Users/miztlimelgoza/.m2/repository/org/checkerframework/checker-qual/2.5.2/checker-qual-2.5.2.jar:/Users/miztlimelgoza/.m2/repository/com/google/errorprone/error_prone_annotations/2.2.0/error_prone_annotations-2.2.0.jar:/Users/miztlimelgoza/.m2/repository/com/google/j2objc/j2objc-annotations/1.1/j2objc-annotations-1.1.jar:/Users/miztlimelgoza/.m2/repository/org/codehaus/mojo/animal-sniffer-annotations/1.17/animal-sniffer-annotations-1.17.jar:/Users/miztlimelgoza/.m2/repository/org/apache/commons/commons-lang3/3.8.1/commons-lang3-3.8.1.jar:/Users/miztlimelgoza/.m2/repository/io/github/bonigarcia/webdrivermanager/2.2.4/webdrivermanager-2.2.4.jar:/Users/miztlimelgoza/.m2/repository/org/slf4j/slf4j-api/1.7.25/slf4j-api-1.7.25.jar:/Users/miztlimelgoza/.m2/repository/com/google/code/gson/gson/2.8.5/gson-2.8.5.jar:/Users/miztlimelgoza/.m2/repository/org/rauschig/jarchivelib/0.8.0/jarchivelib-0.8.0.jar:/Users/miztlimelgoza/.m2/repository/org/apache/commons/commons-compress/1.14/commons-compress-1.14.jar:/Users/miztlimelgoza/.m2/repository/org/apache/logging/log4j/log4j-api/2.11.1/log4j-api-2.11.1.jar:/Users/miztlimelgoza/.m2/repository/org/apache/logging/log4j/log4j-core/2.11.1/log4j-core-2.11.1.jar:/Users/miztlimelgoza/.m2/repository/javax/servlet/jsp/javax.servlet.jsp-api/2.3.3/javax.servlet.jsp-api-2.3.3.jar:/Users/miztlimelgoza/.m2/repository/org/aspectj/aspectjweaver/1.9.2/aspectjweaver-1.9.2.jar:/Users/miztlimelgoza/.m2/repository/org/mockito/mockito-core/1.10.19/mockito-core-1.10.19.jar:/Users/miztlimelgoza/.m2/repository/org/objenesis/objenesis/2.1/objenesis-2.1.jar:/Users/miztlimelgoza/.m2/repository/org/apache/maven/surefire/surefire-junit4/2.22.1/surefire-junit4-2.22.1.jar"/>
    <property name="java.vm.vendor" value="Oracle Corporation"/>
    <property name="sun.arch.data.model" value="64"/>
    <property name="java.vendor.url" value="http://java.oracle.com/"/>
    <property name="user.timezone" value=""/>
    <property name="java.vm.specification.version" value="1.8"/>
    <property name="os.name" value="Mac OS X"/>
    <property name="user.country" value="MX"/>
    <property name="sun.java.launcher" value="SUN_STANDARD"/>
    <property name="sun.boot.library.path" value="/Library/Java/JavaVirtualMachines/jdk1.8.0_211.jdk/Contents/Home/jre/lib"/>
    <property name="sun.java.command" value="org.apache.maven.surefire.booter.ForkedBooter /Users/miztlimelgoza/workspace/personal/hybris_tutorial/platform_only_recipe/hybris123/target/surefire 2019-05-16T11-28-40_364-jvmRun1 surefire6951203690072692112tmp surefire_08701454476685955999tmp"/>
    <property name="http.nonProxyHosts" value="local|*.local|169.254/16|*.169.254/16"/>
    <property name="test" value="com.hybris.hybris123.runtime.tests.Hybris123Tests#testDynamicAttributeView"/>
    <property name="surefire.test.class.path" value="/Users/miztlimelgoza/workspace/personal/hybris_tutorial/platform_only_recipe/hybris123/target/classes:/Users/miztlimelgoza/workspace/personal/hybris_tutorial/platform_only_recipe/hybris123/target/classes:/Users/miztlimelgoza/.m2/repository/org/springframework/boot/spring-boot-starter-web/2.1.1.RELEASE/spring-boot-starter-web-2.1.1.RELEASE.jar:/Users/miztlimelgoza/.m2/repository/org/springframework/boot/spring-boot-starter/2.1.1.RELEASE/spring-boot-starter-2.1.1.RELEASE.jar:/Users/miztlimelgoza/.m2/repository/org/springframework/boot/spring-boot/2.1.1.RELEASE/spring-boot-2.1.1.RELEASE.jar:/Users/miztlimelgoza/.m2/repository/org/springframework/boot/spring-boot-autoconfigure/2.1.1.RELEASE/spring-boot-autoconfigure-2.1.1.RELEASE.jar:/Users/miztlimelgoza/.m2/repository/org/springframework/boot/spring-boot-starter-logging/2.1.1.RELEASE/spring-boot-starter-logging-2.1.1.RELEASE.jar:/Users/miztlimelgoza/.m2/repository/ch/qos/logback/logback-classic/1.2.3/logback-classic-1.2.3.jar:/Users/miztlimelgoza/.m2/repository/ch/qos/logback/logback-core/1.2.3/logback-core-1.2.3.jar:/Users/miztlimelgoza/.m2/repository/org/apache/logging/log4j/log4j-to-slf4j/2.11.1/log4j-to-slf4j-2.11.1.jar:/Users/miztlimelgoza/.m2/repository/org/slf4j/jul-to-slf4j/1.7.25/jul-to-slf4j-1.7.25.jar:/Users/miztlimelgoza/.m2/repository/javax/annotation/javax.annotation-api/1.3.2/javax.annotation-api-1.3.2.jar:/Users/miztlimelgoza/.m2/repository/org/yaml/snakeyaml/1.23/snakeyaml-1.23.jar:/Users/miztlimelgoza/.m2/repository/org/springframework/boot/spring-boot-starter-json/2.1.1.RELEASE/spring-boot-starter-json-2.1.1.RELEASE.jar:/Users/miztlimelgoza/.m2/repository/com/fasterxml/jackson/core/jackson-databind/2.9.7/jackson-databind-2.9.7.jar:/Users/miztlimelgoza/.m2/repository/com/fasterxml/jackson/core/jackson-annotations/2.9.0/jackson-annotations-2.9.0.jar:/Users/miztlimelgoza/.m2/repository/com/fasterxml/jackson/core/jackson-core/2.9.7/jackson-core-2.9.7.jar:/Users/miztlimelgoza/.m2/repository/com/fasterxml/jackson/datatype/jackson-datatype-jdk8/2.9.7/jackson-datatype-jdk8-2.9.7.jar:/Users/miztlimelgoza/.m2/repository/com/fasterxml/jackson/datatype/jackson-datatype-jsr310/2.9.7/jackson-datatype-jsr310-2.9.7.jar:/Users/miztlimelgoza/.m2/repository/com/fasterxml/jackson/module/jackson-module-parameter-names/2.9.7/jackson-module-parameter-names-2.9.7.jar:/Users/miztlimelgoza/.m2/repository/org/springframework/boot/spring-boot-starter-tomcat/2.1.1.RELEASE/spring-boot-starter-tomcat-2.1.1.RELEASE.jar:/Users/miztlimelgoza/.m2/repository/org/apache/tomcat/embed/tomcat-embed-core/9.0.13/tomcat-embed-core-9.0.13.jar:/Users/miztlimelgoza/.m2/repository/org/apache/tomcat/embed/tomcat-embed-el/9.0.13/tomcat-embed-el-9.0.13.jar:/Users/miztlimelgoza/.m2/repository/org/apache/tomcat/embed/tomcat-embed-websocket/9.0.13/tomcat-embed-websocket-9.0.13.jar:/Users/miztlimelgoza/.m2/repository/org/hibernate/validator/hibernate-validator/6.0.13.Final/hibernate-validator-6.0.13.Final.jar:/Users/miztlimelgoza/.m2/repository/javax/validation/validation-api/2.0.1.Final/validation-api-2.0.1.Final.jar:/Users/miztlimelgoza/.m2/repository/org/jboss/logging/jboss-logging/3.3.2.Final/jboss-logging-3.3.2.Final.jar:/Users/miztlimelgoza/.m2/repository/com/fasterxml/classmate/1.4.0/classmate-1.4.0.jar:/Users/miztlimelgoza/.m2/repository/org/springframework/spring-web/5.1.3.RELEASE/spring-web-5.1.3.RELEASE.jar:/Users/miztlimelgoza/.m2/repository/org/springframework/spring-beans/5.1.3.RELEASE/spring-beans-5.1.3.RELEASE.jar:/Users/miztlimelgoza/.m2/repository/org/springframework/spring-webmvc/5.1.3.RELEASE/spring-webmvc-5.1.3.RELEASE.jar:/Users/miztlimelgoza/.m2/repository/org/springframework/spring-aop/5.1.3.RELEASE/spring-aop-5.1.3.RELEASE.jar:/Users/miztlimelgoza/.m2/repository/org/springframework/spring-context/5.1.3.RELEASE/spring-context-5.1.3.RELEASE.jar:/Users/miztlimelgoza/.m2/repository/org/springframework/spring-expression/5.1.3.RELEASE/spring-expression-5.1.3.RELEASE.jar:/Users/miztlimelgoza/.m2/repository/org/springframework/boot/spring-boot-starter-test/2.1.1.RELEASE/spring-boot-starter-test-2.1.1.RELEASE.jar:/Users/miztlimelgoza/.m2/repository/org/springframework/boot/spring-boot-test/2.1.1.RELEASE/spring-boot-test-2.1.1.RELEASE.jar:/Users/miztlimelgoza/.m2/repository/org/springframework/boot/spring-boot-test-autoconfigure/2.1.1.RELEASE/spring-boot-test-autoconfigure-2.1.1.RELEASE.jar:/Users/miztlimelgoza/.m2/repository/com/jayway/jsonpath/json-path/2.4.0/json-path-2.4.0.jar:/Users/miztlimelgoza/.m2/repository/net/minidev/json-smart/2.3/json-smart-2.3.jar:/Users/miztlimelgoza/.m2/repository/net/minidev/accessors-smart/1.2/accessors-smart-1.2.jar:/Users/miztlimelgoza/.m2/repository/org/ow2/asm/asm/5.0.4/asm-5.0.4.jar:/Users/miztlimelgoza/.m2/repository/junit/junit/4.12/junit-4.12.jar:/Users/miztlimelgoza/.m2/repository/org/assertj/assertj-core/3.11.1/assertj-core-3.11.1.jar:/Users/miztlimelgoza/.m2/repository/org/hamcrest/hamcrest-core/1.3/hamcrest-core-1.3.jar:/Users/miztlimelgoza/.m2/repository/org/hamcrest/hamcrest-library/1.3/hamcrest-library-1.3.jar:/Users/miztlimelgoza/.m2/repository/org/skyscreamer/jsonassert/1.5.0/jsonassert-1.5.0.jar:/Users/miztlimelgoza/.m2/repository/com/vaadin/external/google/android-json/0.0.20131108.vaadin1/android-json-0.0.20131108.vaadin1.jar:/Users/miztlimelgoza/.m2/repository/org/springframework/spring-core/5.1.3.RELEASE/spring-core-5.1.3.RELEASE.jar:/Users/miztlimelgoza/.m2/repository/org/springframework/spring-jcl/5.1.3.RELEASE/spring-jcl-5.1.3.RELEASE.jar:/Users/miztlimelgoza/.m2/repository/org/springframework/spring-test/5.1.3.RELEASE/spring-test-5.1.3.RELEASE.jar:/Users/miztlimelgoza/.m2/repository/org/xmlunit/xmlunit-core/2.6.2/xmlunit-core-2.6.2.jar:/Users/miztlimelgoza/.m2/repository/org/hsqldb/hsqldb/2.4.1/hsqldb-2.4.1.jar:/Users/miztlimelgoza/.m2/repository/org/jsoup/jsoup/1.11.3/jsoup-1.11.3.jar:/Users/miztlimelgoza/.m2/repository/de/java2html/java2html/5.0/java2html-5.0.jar:/Users/miztlimelgoza/.m2/repository/commons-io/commons-io/2.6/commons-io-2.6.jar:/Users/miztlimelgoza/.m2/repository/org/apache/commons/commons-collections4/4.2/commons-collections4-4.2.jar:/Users/miztlimelgoza/.m2/repository/org/seleniumhq/selenium/selenium-java/3.14.0/selenium-java-3.14.0.jar:/Users/miztlimelgoza/.m2/repository/org/seleniumhq/selenium/selenium-api/3.14.0/selenium-api-3.14.0.jar:/Users/miztlimelgoza/.m2/repository/org/seleniumhq/selenium/selenium-chrome-driver/3.14.0/selenium-chrome-driver-3.14.0.jar:/Users/miztlimelgoza/.m2/repository/org/seleniumhq/selenium/selenium-edge-driver/3.14.0/selenium-edge-driver-3.14.0.jar:/Users/miztlimelgoza/.m2/repository/org/seleniumhq/selenium/selenium-firefox-driver/3.14.0/selenium-firefox-driver-3.14.0.jar:/Users/miztlimelgoza/.m2/repository/org/seleniumhq/selenium/selenium-ie-driver/3.14.0/selenium-ie-driver-3.14.0.jar:/Users/miztlimelgoza/.m2/repository/org/seleniumhq/selenium/selenium-opera-driver/3.14.0/selenium-opera-driver-3.14.0.jar:/Users/miztlimelgoza/.m2/repository/org/seleniumhq/selenium/selenium-remote-driver/3.14.0/selenium-remote-driver-3.14.0.jar:/Users/miztlimelgoza/.m2/repository/org/seleniumhq/selenium/selenium-safari-driver/3.14.0/selenium-safari-driver-3.14.0.jar:/Users/miztlimelgoza/.m2/repository/org/seleniumhq/selenium/selenium-support/3.14.0/selenium-support-3.14.0.jar:/Users/miztlimelgoza/.m2/repository/net/bytebuddy/byte-buddy/1.9.5/byte-buddy-1.9.5.jar:/Users/miztlimelgoza/.m2/repository/org/apache/commons/commons-exec/1.3/commons-exec-1.3.jar:/Users/miztlimelgoza/.m2/repository/commons-codec/commons-codec/1.11/commons-codec-1.11.jar:/Users/miztlimelgoza/.m2/repository/commons-logging/commons-logging/1.2/commons-logging-1.2.jar:/Users/miztlimelgoza/.m2/repository/org/apache/httpcomponents/httpclient/4.5.6/httpclient-4.5.6.jar:/Users/miztlimelgoza/.m2/repository/org/apache/httpcomponents/httpcore/4.4.10/httpcore-4.4.10.jar:/Users/miztlimelgoza/.m2/repository/com/squareup/okhttp3/okhttp/3.10.0/okhttp-3.10.0.jar:/Users/miztlimelgoza/.m2/repository/com/squareup/okio/okio/1.14.1/okio-1.14.1.jar:/Users/miztlimelgoza/.m2/repository/com/google/guava/guava/27.0-jre/guava-27.0-jre.jar:/Users/miztlimelgoza/.m2/repository/com/google/guava/failureaccess/1.0/failureaccess-1.0.jar:/Users/miztlimelgoza/.m2/repository/com/google/guava/listenablefuture/9999.0-empty-to-avoid-conflict-with-guava/listenablefuture-9999.0-empty-to-avoid-conflict-with-guava.jar:/Users/miztlimelgoza/.m2/repository/com/google/code/findbugs/jsr305/3.0.2/jsr305-3.0.2.jar:/Users/miztlimelgoza/.m2/repository/org/checkerframework/checker-qual/2.5.2/checker-qual-2.5.2.jar:/Users/miztlimelgoza/.m2/repository/com/google/errorprone/error_prone_annotations/2.2.0/error_prone_annotations-2.2.0.jar:/Users/miztlimelgoza/.m2/repository/com/google/j2objc/j2objc-annotations/1.1/j2objc-annotations-1.1.jar:/Users/miztlimelgoza/.m2/repository/org/codehaus/mojo/animal-sniffer-annotations/1.17/animal-sniffer-annotations-1.17.jar:/Users/miztlimelgoza/.m2/repository/org/apache/commons/commons-lang3/3.8.1/commons-lang3-3.8.1.jar:/Users/miztlimelgoza/.m2/repository/io/github/bonigarcia/webdrivermanager/2.2.4/webdrivermanager-2.2.4.jar:/Users/miztlimelgoza/.m2/repository/org/slf4j/slf4j-api/1.7.25/slf4j-api-1.7.25.jar:/Users/miztlimelgoza/.m2/repository/com/google/code/gson/gson/2.8.5/gson-2.8.5.jar:/Users/miztlimelgoza/.m2/repository/org/rauschig/jarchivelib/0.8.0/jarchivelib-0.8.0.jar:/Users/miztlimelgoza/.m2/repository/org/apache/commons/commons-compress/1.14/commons-compress-1.14.jar:/Users/miztlimelgoza/.m2/repository/org/apache/logging/log4j/log4j-api/2.11.1/log4j-api-2.11.1.jar:/Users/miztlimelgoza/.m2/repository/org/apache/logging/log4j/log4j-core/2.11.1/log4j-core-2.11.1.jar:/Users/miztlimelgoza/.m2/repository/javax/servlet/jsp/javax.servlet.jsp-api/2.3.3/javax.servlet.jsp-api-2.3.3.jar:/Users/miztlimelgoza/.m2/repository/org/aspectj/aspectjweaver/1.9.2/aspectjweaver-1.9.2.jar:/Users/miztlimelgoza/.m2/repository/org/mockito/mockito-core/1.10.19/mockito-core-1.10.19.jar:/Users/miztlimelgoza/.m2/repository/org/objenesis/objenesis/2.1/objenesis-2.1.jar:"/>
    <property name="sun.cpu.endian" value="little"/>
    <property name="user.home" value="/Users/miztlimelgoza"/>
    <property name="user.language" value="en"/>
    <property name="java.specification.vendor" value="Oracle Corporation"/>
    <property name="java.home" value="/Library/Java/JavaVirtualMachines/jdk1.8.0_211.jdk/Contents/Home/jre"/>
    <property name="basedir" value="/Users/miztlimelgoza/workspace/personal/hybris_tutorial/platform_only_recipe/hybris123"/>
    <property name="file.separator" value="/"/>
    <property name="line.separator" value="&#10;"/>
    <property name="java.vm.specification.vendor" value="Oracle Corporation"/>
    <property name="java.specification.name" value="Java Platform API Specification"/>
    <property name="java.awt.graphicsenv" value="sun.awt.CGraphicsEnvironment"/>
    <property name="sun.boot.class.path" value="/Library/Java/JavaVirtualMachines/jdk1.8.0_211.jdk/Contents/Home/jre/lib/resources.jar:/Library/Java/JavaVirtualMachines/jdk1.8.0_211.jdk/Contents/Home/jre/lib/rt.jar:/Library/Java/JavaVirtualMachines/jdk1.8.0_211.jdk/Contents/Home/jre/lib/sunrsasign.jar:/Library/Java/JavaVirtualMachines/jdk1.8.0_211.jdk/Contents/Home/jre/lib/jsse.jar:/Library/Java/JavaVirtualMachines/jdk1.8.0_211.jdk/Contents/Home/jre/lib/jce.jar:/Library/Java/JavaVirtualMachines/jdk1.8.0_211.jdk/Contents/Home/jre/lib/charsets.jar:/Library/Java/JavaVirtualMachines/jdk1.8.0_211.jdk/Contents/Home/jre/lib/jfr.jar:/Library/Java/JavaVirtualMachines/jdk1.8.0_211.jdk/Contents/Home/jre/classes"/>
    <property name="sun.management.compiler" value="HotSpot 64-Bit Tiered Compilers"/>
    <property name="ftp.nonProxyHosts" value="local|*.local|169.254/16|*.169.254/16"/>
    <property name="java.runtime.version" value="1.8.0_211-b12"/>
    <property name="user.name" value="miztlimelgoza"/>
    <property name="path.separator" value=":"/>
    <property name="os.version" value="10.14.4"/>
    <property name="java.endorsed.dirs" value="/Library/Java/JavaVirtualMachines/jdk1.8.0_211.jdk/Contents/Home/jre/lib/endorsed"/>
    <property name="java.runtime.name" value="Java(TM) SE Runtime Environment"/>
    <property name="file.encoding" value="UTF-8"/>
    <property name="java.vm.name" value="Java HotSpot(TM) 64-Bit Server VM"/>
    <property name="localRepository" value="/Users/miztlimelgoza/.m2/repository"/>
    <property name="java.vendor.url.bug" value="http://bugreport.sun.com/bugreport/"/>
    <property name="java.io.tmpdir" value="/var/folders/g5/vknbzqqj6bs4dwfm39jxrvb40000gn/T/"/>
    <property name="java.version" value="1.8.0_211"/>
    <property name="user.dir" value="/Users/miztlimelgoza/workspace/personal/hybris_tutorial/platform_only_recipe/hybris123"/>
    <property name="os.arch" value="x86_64"/>
    <property name="java.vm.specification.name" value="Java Virtual Machine Specification"/>
    <property name="java.awt.printerjob" value="sun.lwawt.macosx.CPrinterJob"/>
    <property name="sun.os.patch.level" value="unknown"/>
    <property name="java.library.path" value="/Users/miztlimelgoza/Library/Java/Extensions:/Library/Java/Extensions:/Network/Library/Java/Extensions:/System/Library/Java/Extensions:/usr/lib/java:."/>
    <property name="java.vm.info" value="mixed mode"/>
    <property name="java.vendor" value="Oracle Corporation"/>
    <property name="java.vm.version" value="25.211-b12"/>
    <property name="java.ext.dirs" value="/Users/miztlimelgoza/Library/Java/Extensions:/Library/Java/JavaVirtualMachines/jdk1.8.0_211.jdk/Contents/Home/jre/lib/ext:/Library/Java/Extensions:/Network/Library/Java/Extensions:/System/Library/Java/Extensions:/usr/lib/java"/>
    <property name="sun.io.unicode.encoding" value="UnicodeBig"/>
    <property name="java.class.version" value="52.0"/>
    <property name="socksNonProxyHosts" value="local|*.local|169.254/16|*.169.254/16"/>
  </properties>
  <testcase name="testDynamicAttributeView" classname="com.hybris.hybris123.runtime.tests.Hybris123Tests" time="1.589">
    <failure message="Connect Exception: session not created: This version of ChromeDriver only supports Chrome version 75&#10;Build info: version: &apos;3.14.0&apos;, revision: &apos;aacccce0&apos;, time: &apos;2018-08-02T20:19:58.91Z&apos;&#10;System info: host: &apos;miztlis-MacBook-Pro.local&apos;, ip: &apos;fe80:0:0:0:7c:57b2:f17f:b0aa%en0&apos;, os.name: &apos;Mac OS X&apos;, os.arch: &apos;x86_64&apos;, os.version: &apos;10.14.4&apos;, java.version: &apos;1.8.0_211&apos;&#10;Driver info: driver.version: ChromeDriver&#10;remote stacktrace: 0   chromedriver                        0x0000000104bfd8e9 chromedriver + 3594473&#10;1   chromedriver                        0x0000000104b8d543 chromedriver + 3134787&#10;2   chromedriver                        0x000000010493929f chromedriver + 692895&#10;3   chromedriver                        0x00000001048a772b chromedriver + 96043&#10;4   chromedriver                        0x00000001048a37d8 chromedriver + 79832&#10;5   chromedriver                        0x00000001048cf6db chromedriver + 259803&#10;6   chromedriver                        0x00000001048ccd13 chromedriver + 249107&#10;7   chromedriver                        0x00000001048a978a chromedriver + 104330&#10;8   chromedriver                        0x00000001048aa7d5 chromedriver + 108501&#10;9   chromedriver                        0x0000000104bbc555 chromedriver + 3327317&#10;10  chromedriver                        0x0000000104bc7e60 chromedriver + 3374688&#10;11  chromedriver                        0x0000000104bc7bf8 chromedriver + 3374072&#10;12  chromedriver                        0x0000000104b9bd39 chromedriver + 3194169&#10;13  chromedriver                        0x0000000104bc86d8 chromedriver + 3376856&#10;14  chromedriver                        0x0000000104baff27 chromedriver + 3276583&#10;15  chromedriver                        0x0000000104be5064 chromedriver + 3493988&#10;16  chromedriver                        0x0000000104c03617 chromedriver + 3618327&#10;17  libsystem_pthread.dylib             0x00007fff7d8e32eb _pthread_body + 126&#10;18  libsystem_pthread.dylib             0x00007fff7d8e6249 _pthread_start + 66&#10;19  libsystem_pthread.dylib             0x00007fff7d8e240d thread_start + 13&#10;" type="java.lang.AssertionError">java.lang.AssertionError: 
Connect Exception: session not created: This version of ChromeDriver only supports Chrome version 75
Build info: version: '3.14.0', revision: 'aacccce0', time: '2018-08-02T20:19:58.91Z'
System info: host: 'miztlis-MacBook-Pro.local', ip: 'fe80:0:0:0:7c:57b2:f17f:b0aa%en0', os.name: 'Mac OS X', os.arch: 'x86_64', os.version: '10.14.4', java.version: '1.8.0_211'
Driver info: driver.version: ChromeDriver
remote stacktrace: 0   chromedriver                        0x0000000104bfd8e9 chromedriver + 3594473
1   chromedriver                        0x0000000104b8d543 chromedriver + 3134787
2   chromedriver                        0x000000010493929f chromedriver + 692895
3   chromedriver                        0x00000001048a772b chromedriver + 96043
4   chromedriver                        0x00000001048a37d8 chromedriver + 79832
5   chromedriver                        0x00000001048cf6db chromedriver + 259803
6   chromedriver                        0x00000001048ccd13 chromedriver + 249107
7   chromedriver                        0x00000001048a978a chromedriver + 104330
8   chromedriver                        0x00000001048aa7d5 chromedriver + 108501
9   chromedriver                        0x0000000104bbc555 chromedriver + 3327317
10  chromedriver                        0x0000000104bc7e60 chromedriver + 3374688
11  chromedriver                        0x0000000104bc7bf8 chromedriver + 3374072
12  chromedriver                        0x0000000104b9bd39 chromedriver + 3194169
13  chromedriver                        0x0000000104bc86d8 chromedriver + 3376856
14  chromedriver                        0x0000000104baff27 chromedriver + 3276583
15  chromedriver                        0x0000000104be5064 chromedriver + 3493988
16  chromedriver                        0x0000000104c03617 chromedriver + 3618327
17  libsystem_pthread.dylib             0x00007fff7d8e32eb _pthread_body + 126
18  libsystem_pthread.dylib             0x00007fff7d8e6249 _pthread_start + 66
19  libsystem_pthread.dylib             0x00007fff7d8e240d thread_start + 13

	at com.hybris.hybris123.runtime.tests.Hybris123Tests.fail(Hybris123Tests.java:596)
	at com.hybris.hybris123.runtime.tests.Hybris123Tests.testDynamicAttributeView(Hybris123Tests.java:288)
</failure>
    <system-out><![CDATA[11:28:45.987 [main] DEBUG com.hybris.hybris123.runtime.helper.SeleniumHelper - In getdriver
11:28:46.114 [main] DEBUG org.apache.http.client.protocol.RequestAddCookies - CookieSpec selected: default
11:28:46.120 [main] DEBUG org.apache.http.client.protocol.RequestAuthCache - Auth cache not set in the context
11:28:46.121 [main] DEBUG org.apache.http.impl.conn.PoolingHttpClientConnectionManager - Connection request: [route: {s}->https://chromedriver.storage.googleapis.com:443][total kept alive: 0; route allocated: 0 of 2; total allocated: 0 of 20]
11:28:46.130 [main] DEBUG org.apache.http.impl.conn.PoolingHttpClientConnectionManager - Connection leased: [id: 0][route: {s}->https://chromedriver.storage.googleapis.com:443][total kept alive: 0; route allocated: 1 of 2; total allocated: 1 of 20]
11:28:46.131 [main] DEBUG org.apache.http.impl.execchain.MainClientExec - Opening connection {s}->https://chromedriver.storage.googleapis.com:443
11:28:46.225 [main] DEBUG org.apache.http.impl.conn.DefaultHttpClientConnectionOperator - Connecting to chromedriver.storage.googleapis.com/172.217.2.240:443
11:28:46.225 [main] DEBUG org.apache.http.conn.ssl.SSLConnectionSocketFactory - Connecting socket to chromedriver.storage.googleapis.com/172.217.2.240:443 with timeout 0
11:28:46.268 [main] DEBUG org.apache.http.conn.ssl.SSLConnectionSocketFactory - Enabled protocols: [TLSv1, TLSv1.1, TLSv1.2]
11:28:46.268 [main] DEBUG org.apache.http.conn.ssl.SSLConnectionSocketFactory - Enabled cipher suites:[TLS_ECDHE_ECDSA_WITH_AES_256_CBC_SHA384, TLS_ECDHE_RSA_WITH_AES_256_CBC_SHA384, TLS_RSA_WITH_AES_256_CBC_SHA256, TLS_ECDH_ECDSA_WITH_AES_256_CBC_SHA384, TLS_ECDH_RSA_WITH_AES_256_CBC_SHA384, TLS_DHE_RSA_WITH_AES_256_CBC_SHA256, TLS_DHE_DSS_WITH_AES_256_CBC_SHA256, TLS_ECDHE_ECDSA_WITH_AES_256_CBC_SHA, TLS_ECDHE_RSA_WITH_AES_256_CBC_SHA, TLS_RSA_WITH_AES_256_CBC_SHA, TLS_ECDH_ECDSA_WITH_AES_256_CBC_SHA, TLS_ECDH_RSA_WITH_AES_256_CBC_SHA, TLS_DHE_RSA_WITH_AES_256_CBC_SHA, TLS_DHE_DSS_WITH_AES_256_CBC_SHA, TLS_ECDHE_ECDSA_WITH_AES_128_CBC_SHA256, TLS_ECDHE_RSA_WITH_AES_128_CBC_SHA256, TLS_RSA_WITH_AES_128_CBC_SHA256, TLS_ECDH_ECDSA_WITH_AES_128_CBC_SHA256, TLS_ECDH_RSA_WITH_AES_128_CBC_SHA256, TLS_DHE_RSA_WITH_AES_128_CBC_SHA256, TLS_DHE_DSS_WITH_AES_128_CBC_SHA256, TLS_ECDHE_ECDSA_WITH_AES_128_CBC_SHA, TLS_ECDHE_RSA_WITH_AES_128_CBC_SHA, TLS_RSA_WITH_AES_128_CBC_SHA, TLS_ECDH_ECDSA_WITH_AES_128_CBC_SHA, TLS_ECDH_RSA_WITH_AES_128_CBC_SHA, TLS_DHE_RSA_WITH_AES_128_CBC_SHA, TLS_DHE_DSS_WITH_AES_128_CBC_SHA, TLS_ECDHE_ECDSA_WITH_AES_256_GCM_SHA384, TLS_ECDHE_ECDSA_WITH_AES_128_GCM_SHA256, TLS_ECDHE_RSA_WITH_AES_256_GCM_SHA384, TLS_RSA_WITH_AES_256_GCM_SHA384, TLS_ECDH_ECDSA_WITH_AES_256_GCM_SHA384, TLS_ECDH_RSA_WITH_AES_256_GCM_SHA384, TLS_DHE_RSA_WITH_AES_256_GCM_SHA384, TLS_DHE_DSS_WITH_AES_256_GCM_SHA384, TLS_ECDHE_RSA_WITH_AES_128_GCM_SHA256, TLS_RSA_WITH_AES_128_GCM_SHA256, TLS_ECDH_ECDSA_WITH_AES_128_GCM_SHA256, TLS_ECDH_RSA_WITH_AES_128_GCM_SHA256, TLS_DHE_RSA_WITH_AES_128_GCM_SHA256, TLS_DHE_DSS_WITH_AES_128_GCM_SHA256, TLS_EMPTY_RENEGOTIATION_INFO_SCSV]
11:28:46.268 [main] DEBUG org.apache.http.conn.ssl.SSLConnectionSocketFactory - Starting handshake
11:28:46.372 [main] DEBUG org.apache.http.conn.ssl.SSLConnectionSocketFactory - Secure session established
11:28:46.372 [main] DEBUG org.apache.http.conn.ssl.SSLConnectionSocketFactory -  negotiated protocol: TLSv1.2
11:28:46.372 [main] DEBUG org.apache.http.conn.ssl.SSLConnectionSocketFactory -  negotiated cipher suite: TLS_ECDHE_RSA_WITH_AES_128_GCM_SHA256
11:28:46.372 [main] DEBUG org.apache.http.conn.ssl.SSLConnectionSocketFactory -  peer principal: CN=*.storage.googleapis.com, O=Google LLC, L=Mountain View, ST=California, C=US
11:28:46.372 [main] DEBUG org.apache.http.conn.ssl.SSLConnectionSocketFactory -  peer alternative names: [*.storage.googleapis.com, *.appspot.com.storage.googleapis.com, *.commondatastorage.googleapis.com, *.content-storage-download.googleapis.com, *.content-storage-upload.googleapis.com, *.content-storage.googleapis.com, *.googleapis.com, *.storage-download.googleapis.com, *.storage-upload.googleapis.com, *.storage.select.googleapis.com, commondatastorage.googleapis.com, static.panoramio.com.storage.googleapis.com, storage.googleapis.com, storage.select.googleapis.com, unfiltered.news]
11:28:46.373 [main] DEBUG org.apache.http.conn.ssl.SSLConnectionSocketFactory -  issuer principal: CN=Google Internet Authority G3, O=Google Trust Services, C=US
11:28:46.374 [main] DEBUG org.apache.http.impl.conn.DefaultHttpClientConnectionOperator - Connection established 10.103.1.68:54692<->172.217.2.240:443
11:28:46.374 [main] DEBUG org.apache.http.impl.execchain.MainClientExec - Executing request OPTIONS / HTTP/1.1
11:28:46.374 [main] DEBUG org.apache.http.impl.execchain.MainClientExec - Target auth state: UNCHALLENGED
11:28:46.375 [main] DEBUG org.apache.http.impl.execchain.MainClientExec - Proxy auth state: UNCHALLENGED
11:28:46.376 [main] DEBUG org.apache.http.headers - http-outgoing-0 >> OPTIONS / HTTP/1.1
11:28:46.376 [main] DEBUG org.apache.http.headers - http-outgoing-0 >> Host: chromedriver.storage.googleapis.com
11:28:46.376 [main] DEBUG org.apache.http.headers - http-outgoing-0 >> Connection: Keep-Alive
11:28:46.376 [main] DEBUG org.apache.http.headers - http-outgoing-0 >> User-Agent: Apache-HttpClient/4.5.6 (Java/1.8.0_211)
11:28:46.376 [main] DEBUG org.apache.http.headers - http-outgoing-0 >> Accept-Encoding: gzip,deflate
11:28:46.376 [main] DEBUG org.apache.http.wire - http-outgoing-0 >> "OPTIONS / HTTP/1.1[\r][\n]"
11:28:46.376 [main] DEBUG org.apache.http.wire - http-outgoing-0 >> "Host: chromedriver.storage.googleapis.com[\r][\n]"
11:28:46.376 [main] DEBUG org.apache.http.wire - http-outgoing-0 >> "Connection: Keep-Alive[\r][\n]"
11:28:46.376 [main] DEBUG org.apache.http.wire - http-outgoing-0 >> "User-Agent: Apache-HttpClient/4.5.6 (Java/1.8.0_211)[\r][\n]"
11:28:46.376 [main] DEBUG org.apache.http.wire - http-outgoing-0 >> "Accept-Encoding: gzip,deflate[\r][\n]"
11:28:46.376 [main] DEBUG org.apache.http.wire - http-outgoing-0 >> "[\r][\n]"
11:28:46.440 [main] DEBUG org.apache.http.wire - http-outgoing-0 << "HTTP/1.1 200 OK[\r][\n]"
11:28:46.440 [main] DEBUG org.apache.http.wire - http-outgoing-0 << "X-GUploader-UploadID: AEnB2Up_P6Yv8yv84gsZitudpPeWG8FIbud1DoElZx8ybGw3GLbwchwxuCMmD8qZQRY_RET2EXk5uO36YRkjo2V3_0A80GHm3F--zUSsQDCmeBOqIiz_R4I[\r][\n]"
11:28:46.441 [main] DEBUG org.apache.http.wire - http-outgoing-0 << "Date: Thu, 16 May 2019 16:28:46 GMT[\r][\n]"
11:28:46.441 [main] DEBUG org.apache.http.wire - http-outgoing-0 << "Expires: Thu, 16 May 2019 16:28:46 GMT[\r][\n]"
11:28:46.441 [main] DEBUG org.apache.http.wire - http-outgoing-0 << "Cache-Control: private, max-age=0[\r][\n]"
11:28:46.441 [main] DEBUG org.apache.http.wire - http-outgoing-0 << "Content-Length: 0[\r][\n]"
11:28:46.441 [main] DEBUG org.apache.http.wire - http-outgoing-0 << "Server: UploadServer[\r][\n]"
11:28:46.441 [main] DEBUG org.apache.http.wire - http-outgoing-0 << "Content-Type: text/html; charset=UTF-8[\r][\n]"
11:28:46.441 [main] DEBUG org.apache.http.wire - http-outgoing-0 << "Alt-Svc: quic=":443"; ma=2592000; v="46,44,43,39"[\r][\n]"
11:28:46.441 [main] DEBUG org.apache.http.wire - http-outgoing-0 << "[\r][\n]"
11:28:46.443 [main] DEBUG org.apache.http.headers - http-outgoing-0 << HTTP/1.1 200 OK
11:28:46.444 [main] DEBUG org.apache.http.headers - http-outgoing-0 << X-GUploader-UploadID: AEnB2Up_P6Yv8yv84gsZitudpPeWG8FIbud1DoElZx8ybGw3GLbwchwxuCMmD8qZQRY_RET2EXk5uO36YRkjo2V3_0A80GHm3F--zUSsQDCmeBOqIiz_R4I
11:28:46.444 [main] DEBUG org.apache.http.headers - http-outgoing-0 << Date: Thu, 16 May 2019 16:28:46 GMT
11:28:46.444 [main] DEBUG org.apache.http.headers - http-outgoing-0 << Expires: Thu, 16 May 2019 16:28:46 GMT
11:28:46.444 [main] DEBUG org.apache.http.headers - http-outgoing-0 << Cache-Control: private, max-age=0
11:28:46.444 [main] DEBUG org.apache.http.headers - http-outgoing-0 << Content-Length: 0
11:28:46.444 [main] DEBUG org.apache.http.headers - http-outgoing-0 << Server: UploadServer
11:28:46.444 [main] DEBUG org.apache.http.headers - http-outgoing-0 << Content-Type: text/html; charset=UTF-8
11:28:46.444 [main] DEBUG org.apache.http.headers - http-outgoing-0 << Alt-Svc: quic=":443"; ma=2592000; v="46,44,43,39"
11:28:46.447 [main] DEBUG org.apache.http.impl.execchain.MainClientExec - Connection can be kept alive indefinitely
11:28:46.447 [main] DEBUG org.apache.http.impl.conn.PoolingHttpClientConnectionManager - Connection [id: 0][route: {s}->https://chromedriver.storage.googleapis.com:443] can be kept alive indefinitely
11:28:46.447 [main] DEBUG org.apache.http.impl.conn.DefaultManagedHttpClientConnection - http-outgoing-0: set socket timeout to 0
11:28:46.448 [main] DEBUG org.apache.http.impl.conn.PoolingHttpClientConnectionManager - Connection released: [id: 0][route: {s}->https://chromedriver.storage.googleapis.com:443][total kept alive: 1; route allocated: 1 of 2; total allocated: 1 of 20]
11:28:46.450 [main] INFO io.github.bonigarcia.wdm.WebDriverManager - Reading https://chromedriver.storage.googleapis.com/ to seek chromedriver
11:28:46.452 [main] DEBUG org.apache.http.client.protocol.RequestAddCookies - CookieSpec selected: standard
11:28:46.454 [main] DEBUG org.apache.http.client.protocol.RequestAuthCache - Auth cache not set in the context
11:28:46.454 [main] DEBUG org.apache.http.impl.conn.PoolingHttpClientConnectionManager - Connection request: [route: {s}->https://chromedriver.storage.googleapis.com:443][total kept alive: 1; route allocated: 1 of 2; total allocated: 1 of 20]
11:28:46.454 [main] DEBUG org.apache.http.impl.conn.PoolingHttpClientConnectionManager - Connection leased: [id: 0][route: {s}->https://chromedriver.storage.googleapis.com:443][total kept alive: 0; route allocated: 1 of 2; total allocated: 1 of 20]
11:28:46.454 [main] DEBUG org.apache.http.impl.conn.DefaultManagedHttpClientConnection - http-outgoing-0: set socket timeout to 0
11:28:46.454 [main] DEBUG org.apache.http.impl.conn.DefaultManagedHttpClientConnection - http-outgoing-0: set socket timeout to 30000
11:28:46.454 [main] DEBUG org.apache.http.impl.execchain.MainClientExec - Executing request GET / HTTP/1.1
11:28:46.454 [main] DEBUG org.apache.http.impl.execchain.MainClientExec - Target auth state: UNCHALLENGED
11:28:46.455 [main] DEBUG org.apache.http.impl.execchain.MainClientExec - Proxy auth state: UNCHALLENGED
11:28:46.455 [main] DEBUG org.apache.http.headers - http-outgoing-0 >> GET / HTTP/1.1
11:28:46.455 [main] DEBUG org.apache.http.headers - http-outgoing-0 >> User-Agent: Mozilla/5.0
11:28:46.455 [main] DEBUG org.apache.http.headers - http-outgoing-0 >> Connection: keep-alive
11:28:46.455 [main] DEBUG org.apache.http.headers - http-outgoing-0 >> Host: chromedriver.storage.googleapis.com
11:28:46.455 [main] DEBUG org.apache.http.headers - http-outgoing-0 >> Accept-Encoding: gzip,deflate
11:28:46.455 [main] DEBUG org.apache.http.wire - http-outgoing-0 >> "GET / HTTP/1.1[\r][\n]"
11:28:46.455 [main] DEBUG org.apache.http.wire - http-outgoing-0 >> "User-Agent: Mozilla/5.0[\r][\n]"
11:28:46.455 [main] DEBUG org.apache.http.wire - http-outgoing-0 >> "Connection: keep-alive[\r][\n]"
11:28:46.455 [main] DEBUG org.apache.http.wire - http-outgoing-0 >> "Host: chromedriver.storage.googleapis.com[\r][\n]"
11:28:46.455 [main] DEBUG org.apache.http.wire - http-outgoing-0 >> "Accept-Encoding: gzip,deflate[\r][\n]"
11:28:46.455 [main] DEBUG org.apache.http.wire - http-outgoing-0 >> "[\r][\n]"
11:28:46.573 [main] DEBUG org.apache.http.wire - http-outgoing-0 << "HTTP/1.1 200 OK[\r][\n]"
11:28:46.573 [main] DEBUG org.apache.http.wire - http-outgoing-0 << "X-GUploader-UploadID: AEnB2UpJv4XhdjS4DQ7bdgLS_aoA2MioXGqtebMji8MU9BOa20WKmdCmdLxkQs-fvfZ4ccq3kCXaBi3PE32OYBxt1lBTxv5zbA[\r][\n]"
11:28:46.573 [main] DEBUG org.apache.http.wire - http-outgoing-0 << "x-goog-metageneration: 21[\r][\n]"
11:28:46.573 [main] DEBUG org.apache.http.wire - http-outgoing-0 << "Content-Type: application/xml; charset=UTF-8[\r][\n]"
11:28:46.573 [main] DEBUG org.apache.http.wire - http-outgoing-0 << "Content-Length: 70596[\r][\n]"
11:28:46.573 [main] DEBUG org.apache.http.wire - http-outgoing-0 << "Date: Thu, 16 May 2019 16:28:46 GMT[\r][\n]"
11:28:46.573 [main] DEBUG org.apache.http.wire - http-outgoing-0 << "Expires: Thu, 16 May 2019 16:28:46 GMT[\r][\n]"
11:28:46.573 [main] DEBUG org.apache.http.wire - http-outgoing-0 << "Cache-Control: private, max-age=0[\r][\n]"
11:28:46.573 [main] DEBUG org.apache.http.wire - http-outgoing-0 << "Server: UploadServer[\r][\n]"
11:28:46.573 [main] DEBUG org.apache.http.wire - http-outgoing-0 << "Alt-Svc: quic=":443"; ma=2592000; v="46,44,43,39"[\r][\n]"
11:28:46.573 [main] DEBUG org.apache.http.wire - http-outgoing-0 << "[\r][\n]"
11:28:46.574 [main] DEBUG org.apache.http.wire - http-outgoing-0 << "<?xml version='1.0' encoding='UTF-8'?><ListBucketResult xmlns='http://doc.s3.amazonaws.com/2006-03-01'><Name>chromedriver</Name><Prefix></Prefix><Marker></Marker><IsTruncated>false</IsTruncated><Contents><Key>2.0/chromedriver_linux32.zip</Key><Generation>1380149859530000</Generation><MetaGeneration>4</MetaGeneration><LastModified>2013-09-25T22:57:39.349Z</LastModified><ETag>"c0d96102715c4916b872f91f5bf9b12c"</ETag><Size>7262134</Size></Contents><Contents><Key>2.0/chromedriver_linux64.zip</Key><Generation>1380149860664000</Generation><MetaGeneration>4</MetaGeneration><LastModified>2013-09-25T22:57:40.449Z</LastModified><ETag>"858ebaf47e13dce7600191ed59974c09"</ETag><Size>7433593</Size></Contents><Contents><Key>2.0/chromedriver_mac32.zip</Key><Generation>1380149857425000</Generation><MetaGeneration>4</MetaGeneration><LastModified>2013-09-25T22:57:37.204Z</LastModified><ETag>"efc13db5afc518000d886c2bdcb3a4bc"</ETag><Size>7614601</Size></Contents><Contents>"
11:28:46.574 [main] DEBUG org.apache.http.headers - http-outgoing-0 << HTTP/1.1 200 OK
11:28:46.574 [main] DEBUG org.apache.http.headers - http-outgoing-0 << X-GUploader-UploadID: AEnB2UpJv4XhdjS4DQ7bdgLS_aoA2MioXGqtebMji8MU9BOa20WKmdCmdLxkQs-fvfZ4ccq3kCXaBi3PE32OYBxt1lBTxv5zbA
11:28:46.574 [main] DEBUG org.apache.http.headers - http-outgoing-0 << x-goog-metageneration: 21
11:28:46.574 [main] DEBUG org.apache.http.headers - http-outgoing-0 << Content-Type: application/xml; charset=UTF-8
11:28:46.574 [main] DEBUG org.apache.http.headers - http-outgoing-0 << Content-Length: 70596
11:28:46.574 [main] DEBUG org.apache.http.headers - http-outgoing-0 << Date: Thu, 16 May 2019 16:28:46 GMT
11:28:46.574 [main] DEBUG org.apache.http.headers - http-outgoing-0 << Expires: Thu, 16 May 2019 16:28:46 GMT
11:28:46.574 [main] DEBUG org.apache.http.headers - http-outgoing-0 << Cache-Control: private, max-age=0
11:28:46.574 [main] DEBUG org.apache.http.headers - http-outgoing-0 << Server: UploadServer
11:28:46.574 [main] DEBUG org.apache.http.headers - http-outgoing-0 << Alt-Svc: quic=":443"; ma=2592000; v="46,44,43,39"
11:28:46.574 [main] DEBUG org.apache.http.impl.execchain.MainClientExec - Connection can be kept alive indefinitely
11:28:46.599 [main] DEBUG org.apache.http.wire - http-outgoing-0 << "<Key>2.0/chromedriver_win32.zip</Key><Generation>1380149858370000</Generation><MetaGeneration>4</MetaGeneration><LastModified>2013-09-25T22:57:38.165Z</LastModified><ETag>"bbf8fd0fe525a06dda162619cac2b200"</ETag><Size>3048831</Size></Contents><Contents><Key>2.1/chromedriver_linux32.zip</Key><Generation>1380149869675000</Generation><MetaGeneration>4</MetaGeneration><LastModified>2013-09-25T22:57:49.481Z</LastModified><ETag>"1d7e908253f7240d1596332082cc5742"</ETag><Size>7197760</Size></Contents><Contents><Key>2.1/chromedriver_linux64.zip</Key><Generation>1380149870889000</Generation><MetaGeneration>4</MetaGeneration><LastModified>2013-09-25T22:57:50.738Z</LastModified><ETag>"de406b5a1aac2bfb2f419ac01d7231e2"</ETag><Size>7367074</Size></Contents><Contents><Key>2.1/chromedriver_mac32.zip</Key><Generation>1380149867471000</Generation><MetaGeneration>4</MetaGeneration><LastModified>2013-09-25T22:57:47.251Z</LastModified><ETag>"41d718a956392c78d788eedd2e0723a5"</ETag><Size>7611294</Size></Contents><Contents><Key>2.1/chromedriver_win32.zip</Key><Generation>1380149868374000</Generation><MetaGeneration>4</MetaGeneration><LastModified>2013-09-25T22:57:48.143Z</LastModified><ETag>"d48fd6bce0c6131caa8aad6b5b02b9aa"</ETag><Size>2961443</Size></Contents><Contents><Key>2.10/chromedriver_linux32.zip</Key><Generation>1398977182889000</Generation><MetaGeneration>3</MetaGeneration><Last"
11:28:46.600 [main] DEBUG org.apache.http.wire - http-outgoing-0 << "Modified>2014-05-01T20:46:22.843Z</LastModified><ETag>"4fecc99b066cb1a346035bf022607104"</ETag><Size>2439424</Size></Contents><Contents><Key>2.10/chromedriver_linux64.zip</Key><Generation>1398984058713000</Generation><MetaGeneration>3</MetaGeneration><LastModified>2014-05-01T22:40:58.697Z</LastModified><ETag>"058cd8b7b4b9688507701b5e648fd821"</ETag><Size>2301804</Size></Contents><Contents><Key>2.10/chromedriver_mac32.zip</Key><Generation>1398983790201000</Generation><MetaGeneration>3</MetaGeneration><LastModified>2014-05-01T22:36:30.170Z</LastModified><ETag>"fd0dafc3ada3619edda2961f2beadc5c"</ETag><Size>4116418</Size></Contents><Contents><Key>2.10/chromedriver_win32.zip</Key><Generation>1398985168260000</Generation><MetaGeneration>3</MetaGeneration><LastModified>2014-05-01T22:59:28.242Z</LastModified><ETag>"082e91e5c8994a7879710caeed62e334"</ETag><Size>2843903</Size></Contents><Contents><Key>2.10/notes.txt</Key><Generation>1398977183990000</Generation><MetaGeneration>3</MetaGeneration><LastModified>2014-05-01T20:46:23.990Z</LastModified><ETag>"27c57f1c84c22b4427f57c74f246ce1a"</ETag><Size>4055</Size></Contents><Contents><Key>2.11/chromedriver_linux32.zip</Key><Generation>1412731037918000</Generation><MetaGeneration>3</MetaGeneration><LastModified>2014-10-08T01:17:17.918Z</LastModified><ETag>"bf0d731cd34fd07e22f4641c9aec8483"</ETag><Size>2304072</Size></Contents><Cont"
11:28:46.601 [main] DEBUG org.apache.http.wire - http-outgoing-0 << "ents><Key>2.11/chromedriver_linux64.zip</Key><Generation>1412736699874000</Generation><MetaGeneration>3</MetaGeneration><LastModified>2014-10-08T02:51:39.874Z</LastModified><ETag>"7a7336caea140f6ac1cb8fae8df50d36"</ETag><Size>2173523</Size></Contents><Contents><Key>2.11/chromedriver_mac32.zip</Key><Generation>1412735160644000</Generation><MetaGeneration>3</MetaGeneration><LastModified>2014-10-08T02:26:00.644Z</LastModified><ETag>"447ebc91ac355fc11e960c95f2c15622"</ETag><Size>3280825</Size></Contents><Contents><Key>2.11/chromedriver_win32.zip</Key><Generation>1412739814238000</Generation><MetaGeneration>3</MetaGeneration><LastModified>2014-10-08T03:43:34.238Z</LastModified><ETag>"44443738344b887ff1fe94710a8d45dc"</ETag><Size>2898597</Size></Contents><Contents><Key>2.11/notes.txt</Key><Generation>1412731039474000</Generation><MetaGeneration>3</MetaGeneration><LastModified>2014-10-08T01:17:19.473Z</LastModified><ETag>"f235aea2d380a73053c25850ddbba6de"</ETag><Size>4963</Size></Contents><Contents><Key>2.12/chromedriver_linux32.zip</Key><Generation>1414402044626000</Generation><MetaGeneration>3</MetaGeneration><LastModified>2014-10-27T09:27:24.626Z</LastModified><ETag>"6f4041e7f8300380cc2a13babbac354e"</ETag><Size>2296539</Size></Contents><Contents><Key>2.12/chromedriver_linux64.zip</Key><Generation>1414401969734000</Generation><MetaGeneration>3</MetaGeneration><LastModifi"
11:28:46.603 [main] DEBUG org.apache.http.wire - http-outgoing-0 << "ed>2014-10-27T09:26:09.733Z</LastModified><ETag>"f306b93ff1b34af74371cee87d6560e4"</ETag><Size>2162844</Size></Contents><Contents><Key>2.12/chromedriver_mac32.zip</Key><Generation>1414416263998000</Generation><MetaGeneration>3</MetaGeneration><LastModified>2014-10-27T13:24:23.998Z</LastModified><ETag>"259bb87f4ebf3b0bc4792ed203bd69f5"</ETag><Size>3255376</Size></Contents><Contents><Key>2.12/chromedriver_win32.zip</Key><Generation>1414404627384000</Generation><MetaGeneration>3</MetaGeneration><LastModified>2014-10-27T10:10:27.384Z</LastModified><ETag>"51eb47ad5ea91422aa1aaa400a724e7b"</ETag><Size>2881463</Size></Contents><Contents><Key>2.12/notes.txt</Key><Generation>1414401970903000</Generation><MetaGeneration>3</MetaGeneration><LastModified>2014-10-27T09:26:10.903Z</LastModified><ETag>"81c24211e57eed0065971459c5c861ff"</ETag><Size>5701</Size></Contents><Contents><Key>2.13/chromedriver_linux32.zip</Key><Generation>1418217479776000</Generation><MetaGeneration>3</MetaGeneration><LastModified>2014-12-10T13:17:59.776Z</LastModified><ETag>"187dbe7973c82e59446d5bca7ed40acd"</ETag><Size>2341730</Size></Contents><Contents><Key>2.13/chromedriver_linux64.zip</Key><Generation>1418217778005000</Generation><MetaGeneration>3</MetaGeneration><LastModified>2014-12-10T13:22:58.004Z</LastModified><ETag>"fcfd993330704f8cfb307a2fca5a9687"</ETag><Size>2208167</Size></Contents><Contents><"
11:28:46.604 [main] DEBUG org.apache.http.wire - http-outgoing-0 << "Key>2.13/chromedriver_mac32.zip</Key><Generation>1418220174517000</Generation><MetaGeneration>3</MetaGeneration><LastModified>2014-12-10T14:02:54.517Z</LastModified><ETag>"e37a65a1be68523385761d29decf15d4"</ETag><Size>3429521</Size></Contents><Contents><Key>2.13/chromedriver_win32.zip</Key><Generation>1418218847685000</Generation><MetaGeneration>3</MetaGeneration><LastModified>2014-12-10T13:40:47.685Z</LastModified><ETag>"ae85407694d3849450a25431f9669a81"</ETag><Size>2416584</Size></Contents><Contents><Key>2.13/notes.txt</Key><Generation>1418217481123000</Generation><MetaGeneration>3</MetaGeneration><LastModified>2014-12-10T13:18:01.123Z</LastModified><ETag>"a57d33a29c8c5ec7ca9c88aa1385fed0"</ETag><Size>6427</Size></Contents><Contents><Key>2.14/chromedriver_linux32.zip</Key><Generation>1422443220679000</Generation><MetaGeneration>3</MetaGeneration><LastModified>2015-01-28T11:07:00.679Z</LastModified><ETag>"f130cb3b94a8fbd28212f18c929f79ee"</ETag><Size>2371806</Size></Contents><Contents><Key>2.14/chromedriver_linux64.zip</Key><Generation>1422450557964000</Generation><MetaGeneration>3</MetaGeneration><LastModified>2015-01-28T13:09:17.963Z</LastModified><ETag>"8368d266bd832ff2ea292baedbc770be"</ETag><Size>2248753</Size></Contents><Contents><Key>2.14/chromedriver_mac32.zip</Key><Generation>1422437367341000</Generation><MetaGeneration>3</MetaGeneration><LastModified>2015-"
11:28:46.605 [main] DEBUG org.apache.http.wire - http-outgoing-0 << "01-28T09:29:27.341Z</LastModified><ETag>"2b8a3e7249c80dec95264cbb55c897ed"</ETag><Size>3478165</Size></Contents><Contents><Key>2.14/chromedriver_win32.zip</Key><Generation>1422486303863000</Generation><MetaGeneration>3</MetaGeneration><LastModified>2015-01-28T23:05:03.862Z</LastModified><ETag>"00c70587c3e215f030307d546b315323"</ETag><Size>2402133</Size></Contents><Contents><Key>2.14/notes.txt</Key><Generation>1422481920832000</Generation><MetaGeneration>3</MetaGeneration><LastModified>2015-01-28T21:52:00.831Z</LastModified><ETag>"3ea820228a6302426ed5db059df2df7a"</ETag><Size>6874</Size></Contents><Contents><Key>2.15/chromedriver_linux32.zip</Key><Generation>1427420498917000</Generation><MetaGeneration>3</MetaGeneration><LastModified>2015-03-27T01:41:38.915Z</LastModified><ETag>"844c200a4d8e79ad68d76ed68f67aadd"</ETag><Size>2421534</Size></Contents><Contents><Key>2.15/chromedriver_linux64.zip</Key><Generation>1427418956503000</Generation><MetaGeneration>3</MetaGeneration><LastModified>2015-03-27T01:15:56.502Z</LastModified><ETag>"21c22803a1fd903ba15ea21ee81de317"</ETag><Size>2281614</Size></Contents><Contents><Key>2.15/chromedriver_mac32.zip</Key><Generation>1427407699899000</Generation><MetaGeneration>3</MetaGeneration><LastModified>2015-03-26T22:08:19.898Z</LastModified><ETag>"3842a1ed3edc23997ca78bc980310024"</ETag><Size>3510869</Size></Contents><Contents><Key>2.15"
11:28:46.606 [main] DEBUG org.apache.http.wire - http-outgoing-0 << "/chromedriver_win32.zip</Key><Generation>1427421316760000</Generation><MetaGeneration>3</MetaGeneration><LastModified>2015-03-27T01:55:16.759Z</LastModified><ETag>"c75b03bf76ab53d185fc18fc89ca1af9"</ETag><Size>2459585</Size></Contents><Contents><Key>2.15/notes.txt</Key><Generation>1427407702171000</Generation><MetaGeneration>3</MetaGeneration><LastModified>2015-03-26T22:08:22.170Z</LastModified><ETag>"3c037b0df2c031f17465f6fca11fe7b9"</ETag><Size>6951</Size></Contents><Contents><Key>2.16/chromedriver_linux32.zip</Key><Generation>1433768153271000</Generation><MetaGeneration>3</MetaGeneration><LastModified>2015-06-08T12:55:53.270Z</LastModified><ETag>"fffdb4c098adc2ab61b0e0f5b694f27e"</ETag><Size>2417477</Size></Contents><Contents><Key>2.16/chromedriver_linux64.zip</Key><Generation>1433775187713000</Generation><MetaGeneration>3</MetaGeneration><LastModified>2015-06-08T14:53:07.712Z</LastModified><ETag>"fa8e1bc6f9ce474582876653604d675e"</ETag><Size>2278361</Size></Contents><Contents><Key>2.16/chromedriver_mac32.zip</Key><Generation>1433770172119000</Generation><MetaGeneration>3</MetaGeneration><LastModified>2015-06-08T13:29:32.115Z</LastModified><ETag>"3ae88facdc6ad1b716820cc5f678a6c4"</ETag><Size>3500362</Size></Contents><Contents><Key>2.16/chromedriver_win32.zip</Key><Generation>1433766655879000</Generation><MetaGeneration>3</MetaGeneration><LastModified>2015-06-08T12"
11:28:46.607 [main] DEBUG org.apache.http.wire - http-outgoing-0 << ":30:55.879Z</LastModified><ETag>"3e1b4a91e12a9872a4ed83c9e61c122e"</ETag><Size>2443735</Size></Contents><Contents><Key>2.16/notes.txt</Key><Generation>1434732771516000</Generation><MetaGeneration>3</MetaGeneration><LastModified>2015-06-19T16:52:51.515Z</LastModified><ETag>"5ca0cfcb8ce5303b1006f23e33b1aa71"</ETag><Size>7517</Size></Contents><Contents><Key>2.17/chromedriver_linux64.zip</Key><Generation>1438329406043000</Generation><MetaGeneration>3</MetaGeneration><LastModified>2015-07-31T07:56:46.043Z</LastModified><ETag>"569364de37c2743597cd6b8bb333d21a"</ETag><Size>2529001</Size></Contents><Contents><Key>2.17/chromedriver_mac32.zip</Key><Generation>1438360511925000</Generation><MetaGeneration>3</MetaGeneration><LastModified>2015-07-31T16:35:11.924Z</LastModified><ETag>"aa2b200f118f8eaa7ed1d6bd7ca49005"</ETag><Size>3499908</Size></Contents><Contents><Key>2.17/chromedriver_win32.zip</Key><Generation>1438294304810000</Generation><MetaGeneration>3</MetaGeneration><LastModified>2015-07-30T22:11:44.809Z</LastModified><ETag>"bfa2d4c80e701980b5fd656e85329806"</ETag><Size>2446222</Size></Contents><Contents><Key>2.18/chromedriver_linux32.zip</Key><Generation>1439956086741000</Generation><MetaGeneration>3</MetaGeneration><LastModified>2015-08-19T03:48:06.740Z</LastModified><ETag>"0ac230f5f19c72cebf3042970217ad01"</ETag><Size>2628374</Size></Contents><Contents><Key>2.18/chromed"
11:28:46.608 [main] DEBUG org.apache.http.wire - http-outgoing-0 << "river_linux64.zip</Key><Generation>1439963151803000</Generation><MetaGeneration>3</MetaGeneration><LastModified>2015-08-19T05:45:51.802Z</LastModified><ETag>"709e2dd132ac6c2a09de084fdc19db45"</ETag><Size>2532822</Size></Contents><Contents><Key>2.18/chromedriver_mac32.zip</Key><Generation>1440001575272000</Generation><MetaGeneration>3</MetaGeneration><LastModified>2015-08-19T16:26:15.271Z</LastModified><ETag>"6839b10023a48d87c4835481b9fad7a7"</ETag><Size>3519120</Size></Contents><Contents><Key>2.18/chromedriver_win32.zip</Key><Generation>1440042647250000</Generation><MetaGeneration>3</MetaGeneration><LastModified>2015-08-20T03:50:47.188Z</LastModified><ETag>"4bdfb306e2bce6bf42e663617578ca24"</ETag><Size>2464234</Size></Contents><Contents><Key>2.18/notes.txt</Key><Generation>1440043360290000</Generation><MetaGeneration>3</MetaGeneration><LastModified>2015-08-20T04:02:40.289Z</LastModified><ETag>"43fb06f163f3019e4d2814ef54e2c0fa"</ETag><Size>406</Size></Contents><Contents><Key>2.19/chromedriver_linux32.zip</Key><Generation>1440749738688000</Generation><MetaGeneration>3</MetaGeneration><LastModified>2015-08-28T08:15:38.687Z</LastModified><ETag>"b1e881182574cd2354c00c384d0949cc"</ETag><Size>2627270</Size></Contents><Contents><Key>2.19/chromedriver_linux64.zip</Key><Generation>1440742715586000</Generation><MetaGeneration>3</MetaGeneration><LastModified>2015-08-28T06:18:35."
11:28:46.609 [main] DEBUG org.apache.http.wire - http-outgoing-0 << "585Z</LastModified><ETag>"9e476aa088baab9bed9c1a5e7007c9c3"</ETag><Size>2540107</Size></Contents><Contents><Key>2.19/chromedriver_mac32.zip</Key><Generation>1440742182122000</Generation><MetaGeneration>3</MetaGeneration><LastModified>2015-08-28T06:09:42.121Z</LastModified><ETag>"425ed409f989f4ca9eb1f2a745039b59"</ETag><Size>3530008</Size></Contents><Contents><Key>2.19/chromedriver_win32.zip</Key><Generation>1440742646899000</Generation><MetaGeneration>3</MetaGeneration><LastModified>2015-08-28T06:17:26.898Z</LastModified><ETag>"4bc98ef466ef49e45fbee95a003e01b8"</ETag><Size>2468633</Size></Contents><Contents><Key>2.19/notes.txt</Key><Generation>1440779771082000</Generation><MetaGeneration>3</MetaGeneration><LastModified>2015-08-28T16:36:11.081Z</LastModified><ETag>"bb7099e4ad9618f5aca2f8009e4fb82d"</ETag><Size>756</Size></Contents><Contents><Key>2.2/chromedriver_linux32.zip</Key><Generation>1380149878519000</Generation><MetaGeneration>4</MetaGeneration><LastModified>2013-09-25T22:57:58.374Z</LastModified><ETag>"801b9f6c28a32575d8eae2abb1cdecd5"</ETag><Size>7252879</Size></Contents><Contents><Key>2.2/chromedriver_linux64.zip</Key><Generation>1380149879600000</Generation><MetaGeneration>4</MetaGeneration><LastModified>2013-09-25T22:57:59.432Z</LastModified><ETag>"d5b73ee424717e45601553e91e204ad6"</ETag><Size>7417835</Size></Contents><Contents><Key>2.2/chromedriver_mac32"
11:28:46.610 [main] DEBUG org.apache.http.wire - http-outgoing-0 << ".zip</Key><Generation>1380149876563000</Generation><MetaGeneration>4</MetaGeneration><LastModified>2013-09-25T22:57:56.408Z</LastModified><ETag>"e904e2ed0ebcc453492a9fe0550665ee"</ETag><Size>7634565</Size></Contents><Contents><Key>2.2/chromedriver_win32.zip</Key><Generation>1380149877467000</Generation><MetaGeneration>4</MetaGeneration><LastModified>2013-09-25T22:57:57.313Z</LastModified><ETag>"c86ce20925db2d16118559cbe6693c6f"</ETag><Size>2978752</Size></Contents><Contents><Key>2.20/chromedriver_linux32.zip</Key><Generation>1444349629569000</Generation><MetaGeneration>3</MetaGeneration><LastModified>2015-10-09T00:13:49.568Z</LastModified><E"
11:28:46.610 [main] DEBUG org.apache.http.wire - http-outgoing-0 << "Tag>"1e8cbdb84c5b70f86030297c4be3a5f9"</ETag><Size>2612186</Size></Contents><Contents><Key>2.20/chromedriver_linux64.zip</Key><Generation>1444346907063000</Generation><MetaGeneration>3</MetaGeneration><LastModified>2015-10-08T23:28:27.062Z</LastModified><ETag>"245858cc984bd946df6a1e6719c8e6f5"</ETag><Size>2528233</Size></Contents><Contents><Key>2.20/chromedriver_mac32.zip</Key><Generation>1444346568789000</Generation><MetaGeneration>3</MetaGeneration><LastModified>2015-10-08T23:22:48.789Z</LastModified><ETag>"749d4be0a317e92fd3aecaa022385439"</ETag><Size>3516443</Size></Contents><Contents><Key>2.20/chromedriver_win32.zip</Key><Generation>1444352264286000</Generation><MetaGeneration>3</MetaGeneration><LastModified>2015-10-09T00:57:44.285Z</LastModified><ETag>"028ee452b8e23890ec5ec6b0717fd295"</ETag><Size>2456101</Size></Contents><Contents><Key>2.20/notes.txt</Key><Generation>1444346573055000</Generation><MetaGeneration>3</MetaGeneration><LastModified>2015-10-08T23:22:53.054Z</LastModified><ETag>"fda30d3acf1a10aa9b193b3121787d80"</ETag><Size>1174</Size></Contents><Contents><Key>2.21/chromedriver_linux32.zip</Key><Generation>1453790859217000</Generation><MetaGeneration>3</MetaGeneration><LastModified>2016-01-26T06:47:39.216Z</LastModified><ETag>"d0a589f70e53774db95bf6f46972837c"</ETag><Size>2773434</Size></Contents><Contents><Key>2.21/chromedriver_linux64.zip</Key><Gene"
11:28:46.611 [main] DEBUG org.apache.http.wire - http-outgoing-0 << "ration>1453823463856000</Generation><MetaGeneration>3</MetaGeneration><LastModified>2016-01-26T15:51:03.855Z</LastModified><ETag>"06e57f4c411e1135c6277d17ea8390fd"</ETag><Size>2692616</Size></Contents><Contents><Key>2.21/chromedriver_mac32.zip</Key><Generation>1453795148425000</Generation><MetaGeneration>3</MetaGeneration><LastModified>2016-01-26T07:59:08.424Z</LastModified><ETag>"452d8c9cba353ba366d15fbeba013943"</ETag><Size>3727281</Size></Contents><Contents><Key>2.21/chromedriver_win32.zip</Key><Generation>1453790823425000</Generation><MetaGeneration>3</MetaGeneration><LastModified>2016-01-26T06:47:03.424Z</LastModified><ETag>"8a93dc3ff02ef9bc3161dd4b20f87215"</ETag><Size>2598298</Size></Contents><Contents><Key>2.21/notes.txt</Key><Generation>1454023503441000</Generation><MetaGeneration>3</MetaGeneration><LastModified>2016-01-28T23:25:03.393Z</LastModified><ETag>"d8d67de107327522f0728fb389fee377"</ETag><Size>2546</Size></Contents><Contents><Key>2.22/chromedriver_linux32.zip</Key><Generation>1465074179409000</Generation><MetaGeneration>3</MetaGeneration><LastModified>2016-06-04T21:02:59.407Z</LastModified><ETag>"c498db13c92abf0d504c784d2191e9b1"</ETag><Size>2958416</Size></Contents><Contents><Key>2.22/chromedriver_linux64.zip</Key><Generation>1465070090313000</Generation><MetaGeneration>3</MetaGeneration><LastModified>2016-06-04T19:54:50.312Z</LastModified><ETag>"2"
11:28:46.612 [main] DEBUG org.apache.http.wire - http-outgoing-0 << "a5e6ccbceb9f498788dc257334dfaa3"</ETag><Size>2722491</Size></Contents><Contents><Key>2.22/chromedriver_mac32.zip</Key><Generation>1465071130905000</Generation><MetaGeneration>3</MetaGeneration><LastModified>2016-06-04T20:12:10.903Z</LastModified><ETag>"eed98b5a2895b9cd2432fa52f7091a71"</ETag><Size>3909903</Size></Contents><Contents><Key>2.22/chromedriver_win32.zip</Key><Generation>1465073479733000</Generation><MetaGeneration>3</MetaGeneration><LastModified>2016-06-04T20:51:19.732Z</LastModified><ETag>"c5962f884bd58987b1ef0fa04c6a3ce5"</ETag><Size>2736710</Size></Contents><Contents><Key>2.22/notes.txt</Key><Generation>1465237937804000</Generation><MetaGeneration>3</MetaGeneration><LastModified>2016-06-06T18:32:17.792Z</LastModified><ETag>"c08143737d292f4b0294745f7ae6a968"</ETag><Size>3677</Size></Contents><Contents><Key>2.23/chromedriver_linux32.zip</Key><Generation>1470338000375000</Generation><MetaGeneration>3</MetaGeneration><LastModified>2016-08-04T19:13:20.374Z</LastModified><ETag>"45df7fb52f4cba39a5bdcdaf2c16e171"</ETag><Size>3142707</Size></Contents><Contents><Key>2.23/chromedriver_linux64.zip</Key><Generation>1470337322313000</Generation><MetaGeneration>3</MetaGeneration><LastModified>2016-08-04T19:02:02.309Z</LastModified><ETag>"cc89692d75fb0bdfe700ec0ca19808a5"</ETag><Size>3121199</Size></Contents><Contents><Key>2.23/chromedriver_mac64.zip</Key><Generation>1"
11:28:46.613 [main] DEBUG org.apache.http.wire - http-outgoing-0 << "470957885071000</Generation><MetaGeneration>3</MetaGeneration><LastModified>2016-08-11T23:24:45.069Z</LastModified><ETag>"92fa9afe62c75557bc08af3fe3450b2b"</ETag><Size>4577224</Size></Contents><Contents><Key>2.23/chromedriver_win32.zip</Key><Generation>1470345180550000</Generation><MetaGeneration>3</MetaGeneration><LastModified>2016-08-04T21:13:00.546Z</LastModified><ETag>"6856adb07cc8683d2a1587c05f37f1be"</ETag><Size>2558586</Size></Contents><Contents><Key>2.23/notes.txt</Key><Generation>1471544282929000</Generation><MetaGeneration>3</MetaGeneration><LastModified>2016-08-18T18:18:02.910Z</LastModified><ETag>"4fd49a545428804a23905a4637c461d7"</ETag><Size>4015</Size></Contents><Contents><Key>2.24/chromedriver_linux32.zip</Key><Generation>1473477991313000</Generation><MetaGeneration>3</MetaGeneration><LastModified>2016-09-10T03:26:31.312Z</LastModified><ETag>"8e6b6d358f1b919a0d1369f90d61e1a4"</ETag><Size>3154004</Size></Contents><Contents><Key>2.24/chromedriver_linux64.zip</Key><Generation>1473382634658000</Generation><MetaGeneration>3</MetaGeneration><LastModified>2016-09-09T00:57:14.652Z</LastModified><ETag>"c56e41bdc769ad2c31225b8495fc1a93"</ETag><Size>3116161</Size></Contents><Contents><Key>2.24/chromedriver_mac64.zip</Key><Generation>1473386313768000</Generation><MetaGeneration>3</MetaGeneration><LastModified>2016-09-09T01:58:33.765Z</LastModified><ETag>"d117b66fa"
11:28:46.614 [main] DEBUG org.apache.http.wire - http-outgoing-0 << "c514344eaf80691ae9a4687"</ETag><Size>4592623</Size></Contents><Contents><Key>2.24/chromedriver_win32.zip</Key><Generation>1473389462880000</Generation><MetaGeneration>3</MetaGeneration><LastModified>2016-09-09T02:51:02.878Z</LastModified><ETag>"1a46c83926f891d502427df10b4646b9"</ETag><Size>3464930</Size></Contents><Contents><Key>2.24/notes.txt</Key><Generation>1473455450249000</Generation><MetaGeneration>3</MetaGeneration><LastModified>2016-09-09T21:10:50.233Z</LastModified><ETag>"a11c6f26625d160f76fc1fb9c5575a19"</ETag><Size>5052</Size></Contents><Contents><Key>2.25/chromedriver_linux32.zip</Key><Generation>1477121565096000</Generation><MetaGeneration>3</MetaGeneration><LastModified>2016-10-22T07:32:45.094Z</LastModified><ETag>"175ac6d5a9d7579b612809434020fd3c"</ETag><Size>3182442</Size></Contents><Contents><Key>2.25/chromedriver_linux64.zip</Key><Generation>1477102604586000</Generation><MetaGeneration>3</MetaGeneration><LastModified>2016-10-22T02:16:44.584Z</LastModified><ETag>"16673c4a4262d0f4c01836b5b3b2b110"</ETag><Size>3141794</Size></Contents><Contents><Key>2.25/chromedriver_mac64.zip</Key><Generation>1477117431115000</Generation><MetaGeneration>3</MetaGeneration><LastModified>2016-10-22T06:23:51.114Z</LastModified><ETag>"384031f9bb782edce149c0bea89921b6"</ETag><Size>4563462</Size></Contents><Contents><Key>2.25/chromedriver_win32.zip</Key><Generation>147711395"
11:28:46.615 [main] DEBUG org.apache.http.wire - http-outgoing-0 << "4064000</Generation><MetaGeneration>3</MetaGeneration><LastModified>2016-10-22T05:25:54.062Z</LastModified><ETag>"2727729883ac960c2edd63558f08f601"</ETag><Size>3521408</Size></Contents><Contents><Key>2.25/notes.txt</Key><Generation>1477435098118000</Generation><MetaGeneration>3</MetaGeneration><LastModified>2016-10-25T22:38:18.106Z</LastModified><ETag>"3ff9054860925ff9e891d3644cf40051"</ETag><Size>5414</Size></Contents><Contents><Key>2.26/chromedriver_linux32.zip</Key><Generation>1481076236199000</Generation><MetaGeneration>3</MetaGeneration><LastModified>2016-12-07T02:03:56.198Z</LastModified><ETag>"b89d58dbd6182b3d30653a28eb304850"</ETag><Size>3367978</Size></Contents><Contents><Key>2.26/chromedriver_linux64.zip</Key><Generation>1480980256590000</Generation><MetaGeneration>3</MetaGeneration><LastModified>2016-12-05T23:24:16.587Z</LastModified><ETag>"3cdae483af1e54c6732abc9af875b9c1"</ETag><Size>3328958</Size></Contents><Contents><Key>2.26/chromedriver_mac64.zip</Key><Generation>1481065727362000</Generation><MetaGeneration>3</MetaGeneration><LastModified>2016-12-06T23:08:47.361Z</LastModified><ETag>"d5ef788e1a5b4bfdb22836a45078f0c1"</ETag><Size>4589475</Size></Contents><Contents><Key>2.26/chromedriver_win32.zip</Key><Generation>1480986715586000</Generation><MetaGeneration>3</MetaGeneration><LastModified>2016-12-06T01:11:55.585Z</LastModified><ETag>"05b5f443cb1f363b8"
11:28:46.616 [main] DEBUG org.apache.http.wire - http-outgoing-0 << "1a9ac7618e862bd"</ETag><Size>3653714</Size></Contents><Contents><Key>2.26/notes.txt</Key><Generation>1481328397854000</Generation><MetaGeneration>3</MetaGeneration><LastModified>2016-12-10T00:06:37.841Z</LastModified><ETag>"f4acca44d7620423e556e5d3c59ddc82"</ETag><Size>6502</Size></Contents><Contents><Key>2.27/chromedriver_linux32.zip</Key><Generation>1482464809376000</Generation><MetaGeneration>3</MetaGeneration><LastModified>2016-12-23T03:46:49.374Z</LastModified><ETag>"980387b5885be8f69343ba9f11cc7a9f"</ETag><Size>3366113</Size></Contents><Contents><Key>2.27/chromedriver_linux64.zip</Key><Generation>1482362999699000</Generation><MetaGeneration>3</MetaGeneration><LastModified>2016-12-21T23:29:59.697Z</LastModified><ETag>"c6d21c8fecf8bd0b880b2c36692153ef"</ETag><Size>3337834</Size></Contents><Contents><Key>2.27/chromedriver_mac64.zip</Key><Generation>1482361623295000</Generation><MetaGeneration>3</MetaGeneration><LastModified>2016-12-21T23:07:03.291Z</LastModified><ETag>"56d908397af997f04fab32c05a26b994"</ETag><Size>4604418</Size></Contents><Contents><Key>2.27/chromedriver_win32.zip</Key><Generation>1482363909979000</Generation><MetaGeneration>3</MetaGeneration><LastModified>2016-12-21T23:45:09.977Z</LastModified><ETag>"2125188a206e2258364c3e46f07724e5"</ETag><Size>3665470</Size></Contents><Contents><Key>2.27/notes.txt</Key><Generation>1482517721706000</Generation><"
11:28:46.618 [main] DEBUG org.apache.http.wire - http-outgoing-0 << "MetaGeneration>3</MetaGeneration><LastModified>2016-12-23T18:28:41.690Z</LastModified><ETag>"c8e31eb43d3b9d9137b4ece5d546bd76"</ETag><Size>6698</Size></Contents><Contents><Key>2.28/chromedriver_linux32.zip</Key><Generation>1489023441644719</Generation><MetaGeneration>3</MetaGeneration><LastModified>2017-03-09T01:37:21.636Z</LastModified><ETag>"82e4c112862be0e7e06e5ddcbe8b077c"</ETag><Size>3487993</Size></Contents><Contents><Key>2.28/chromedriver_linux64.zip</Key><Generation>1489013591247000</Generation><MetaGeneration>3</MetaGeneration><LastModified>2017-03-08T22:53:11.244Z</LastModified><ETag>"a72088c0a6b018ded2c0fff616da8f65"</ETag><Size>3458530</Size></Contents><Contents><Key>2.28/chromedriver_mac64.zip</Key><Generation>1489036912607000</Generation><MetaGeneration>3</MetaGeneration><LastModified>2017-03-09T05:21:52.604Z</LastModified><ETag>"7261a8a4d45f63e6c6f5b712e089cbc3"</ETag><Size>4847203</Size></Contents><Contents><Key>2.28/chromedriver_win32.zip</Key><Generation>1489030730635000</Generation><MetaGeneration>3</MetaGeneration><LastModified>2017-03-09T03:38:50.634Z</LastModified><ETag>"daef8743d113cecc3bfe0c65c3423565"</ETag><Size>3794861</Size></Contents><Contents><Key>2.28/notes.txt</Key><Generation>1489093687392000</Generation><MetaGeneration>3</MetaGeneration><LastModified>2017-03-09T21:08:07.350Z</LastModified><ETag>"d1dffdb6223ab6a7d886c4b5db2ad829"</ETa"
11:28:46.619 [main] DEBUG org.apache.http.wire - http-outgoing-0 << "g><Size>7230</Size></Contents><Contents><Key>2.29/chromedriver_linux32.zip</Key><Generation>1491279504035000</Generation><MetaGeneration>3</MetaGeneration><LastModified>2017-04-04T04:18:24.031Z</LastModified><ETag>"ba8f027f85b60ba5b46d3913f8135ec2"</ETag><Size>3436829</Size></Contents><Contents><Key>2.29/chromedriver_linux64.zip</Key><Generation>1491268881956559</Generation><MetaGeneration>3</MetaGeneration><LastModified>2017-04-04T01:21:21.907Z</LastModified><ETag>"06a3f9c57ced2e3ea4e7f3ec258b3957"</ETag><Size>3400599</Size></Contents><Contents><Key>2.29/chromedriver_mac64.zip</Key><Generation>1491285353066000</Generation><MetaGeneration>3</MetaGeneration><LastModified>2017-04-04T05:55:53.064Z</LastModified><ETag>"5d71bc70834c2ad8a7baf7a901d53566"</ETag><Size>4855744</Size></Contents><Contents><Key>2.29/chromedriver_win32.zip</Key><Generation>1491283750502000</Generation><MetaGeneration>3</MetaGeneration><LastModified>2017-04-04T05:29:10.500Z</LastModified><ETag>"b6e3a3fa31d2b45e482b44dcf8abd833"</ETag><Size>3796497</Size></Contents><Contents><Key>2.29/notes.txt</Key><Generation>1491321657076000</Generation><MetaGeneration>3</MetaGeneration><LastModified>2017-04-04T16:00:57.032Z</LastModified><ETag>"f31bb0b18e17e774f33cef84ad03e9b6"</ETag><Size>7599</Size></Contents><Contents><Key>2.3/chromedriver_linux32.zip</Key><Generation>1380149888081000</Generation><MetaGenera"
11:28:46.621 [main] DEBUG org.apache.http.wire - http-outgoing-0 << "tion>4</MetaGeneration><LastModified>2013-09-25T22:58:07.947Z</LastModified><ETag>"f3af4d92060e6d61c2d2ed86ad584246"</ETag><Size>7310301</Size></Contents><Contents><Key>2.3/chromedriver_linux64.zip</Key><Generation>1380149889817000</Generation><MetaGeneration>4</MetaGeneration><LastModified>2013-09-25T22:58:09.620Z</LastModified><ETag>"1a816cc185a15af4d450805629790b0a"</ETag><Size>7481138</Size></Contents><Contents><Key>2.3/chromedriver_mac32.zip</Key><Generation>1380149885736000</Generation><MetaGeneration>4</MetaGeneration><LastModified>2013-09-25T22:58:05.567Z</LastModified><ETag>"4d72ca0fa6dbddfa1e42dbd1ef0045cc"</ETag><Size>7678021</Size></Contents><Contents><Key>2.3/chromedriver_win32.zip</Key><Generation>1380149886823000</Generation><MetaGeneration>4</MetaGeneration><LastModified>2013-09-25T22:58:06.499Z</LastModified><ETag>"3226a146a6b97f2a111d3b2be9b0193f"</ETag><Size>3001138</Size></Contents><Contents><Key>2.3/notes.txt</Key><Generation>1380149888474000</Generation><MetaGeneration>4</MetaGeneration><LastModified>2013-09-25T22:58:08.474Z</LastModified><ETag>"3ddc6ac82f5acc8d248b117146ab9b1b"</ETag><Size>591</Size></Contents><Contents><Key>2.30/chromedriver_linux32.zip</Key><Generation>1496885675230429</Generation><MetaGeneration>3</MetaGeneration><LastModified>2017-06-08T01:34:35.218Z</LastModified><ETag>"ea9eab8df2c5eff60dff7cfee4c7b5f5"</ETag><Size>3891104"
11:28:46.622 [main] DEBUG org.apache.http.wire - http-outgoing-0 << "</Size></Contents><Contents><Key>2.30/chromedriver_linux64.zip</Key><Generation>1496876004665899</Generation><MetaGeneration>3</MetaGeneration><LastModified>2017-06-07T22:53:24.655Z</LastModified><ETag>"122a978861d06bd10049609a92018b89"</ETag><Size>3864914</Size></Contents><Contents><Key>2.30/chromedriver_mac64.zip</Key><Generation>1496877410740616</Generation><MetaGeneration>3</MetaGeneration><LastModified>2017-06-07T23:16:50.692Z</LastModified><ETag>"e3f9380ecadad5a28982e841b1b31f90"</ETag><Size>5197614</Size></Contents><Contents><Key>2.30/chromedriver_win32.zip</Key><Generation>1496880782872793</Generation><MetaGeneration>3</MetaGeneration><LastModified>2017-06-08T00:13:02.717Z</LastModified><ETag>"de7a8f2a26ea75f665905276e51a9d62"</ETag><Size>3995151</Size></Contents><Contents><Key>2.30/notes.txt</Key><Generation>1496940698901235</Generation><MetaGeneration>3</MetaGeneration><LastModified>2017-06-08T16:51:38.835Z</LastModified><ETag>"1df1017b967f6091cd527c38858b09ec"</ETag><Size>8719</Size></Contents><Contents><Key>2.31/chromedriver_linux32.zip</Key><Generation>1500697758786744</Generation><MetaGeneration>3</MetaGeneration><LastModified>2017-07-22T04:29:18.776Z</LastModified><ETag>"5ef1ded5d4d8b388af8e8c72bf44f584"</ETag><Size>4014602</Size></Contents><Contents><Key>2.31/chromedriver_linux64.zip</Key><Generation>1500685704096284</Generation><MetaGeneration>3</Met"
11:28:46.624 [main] DEBUG org.apache.http.wire - http-outgoing-0 << "aGeneration><LastModified>2017-07-22T01:08:24.087Z</LastModified><ETag>"e95c696646102e38d8543b89b7eaa4a5"</ETag><Size>3981209</Size></Contents><Contents><Key>2.31/chromedriver_mac64.zip</Key><Generation>1500688540943952</Generation><MetaGeneration>3</MetaGeneration><LastModified>2017-07-22T01:55:40.897Z</LastModified><ETag>"b77c9c71b52302fcfe6b40dcd143f1d0"</ETag><Size>5170321</Size></Contents><Contents><Key>2.31/chromedriver_win32.zip</Key><Generation>1500690332181870</Generation><MetaGeneration>3</MetaGeneration><LastModified>2017-07-22T02:25:32.137Z</LastModified><ETag>"6a6e8cd245742f20d61b7dac743844fb"</ETag><Size>4016507</Size></Contents><Contents><Key>2.31/notes.txt</Key><Generation>1500904840700524</Generation><MetaGeneration>3</MetaGeneration><LastModified>2017-07-24T14:00:40.663Z</LastModified><ETag>"4162c16693123982fdf86a969631fc7a"</ETag><Size>9767</Size></Contents><Contents><Key>2.32/chromedriver_linux32.zip</Key><Generation>1504290222778365</Generation><MetaGeneration>3</MetaGeneration><LastModified>2017-09-01T18:23:42.761Z</LastModified><ETag>"cff992a0ed32b048c7c9673b2a66448"
11:28:46.624 [main] DEBUG org.apache.http.wire - http-outgoing-0 << "3"</ETag><Size>4103630</Size></Contents><Contents><Key>2.32/chromedriver_linux64.zip</Key><Generation>1504123624366303</Generation><MetaGeneration>3</MetaGeneration><LastModified>2017-08-30T20:07:04.354Z</LastModified><ETag>"e01376ceef2330a1ca0eed76541a3282"</ETag><Size>4073520</Size></Contents><Contents><Key>2.32/chromedriver_mac64.zip</Key><Generation>1504128471796223</Generation><MetaGeneration>3</MetaGeneration><LastModified>2017-08-30T21:27:51.746Z</LastModified><ETag>"926d81c59c2c1ef6012fe74b29d74457"</ETag><Size>5206833</Size></Contents><Contents><Key>2.32/chromedriver_win32.zip</Key><Generation>1504134777636757</Generation><MetaGeneration>3</MetaGeneration><LastModified>2017-08-30T23:12:57.590Z</LastModified><ETag>"f99a119eb94dfe94dd9f41fe6a4970c7"</ETag><Size>4073937</Size></Contents><Contents><Key>2.32/notes.txt</Key><Generation>1504139547884241</Generation><MetaGeneration>3</MetaGeneration><LastModified>2017-08-31T00:32:27.857Z</LastModified><ETag>"d675fa7eff239fb885abfc9d8af99084"</ETag><Size>11099</Size></Contents><Contents><Key>2.33/chromedriver_linux32.zip</Key><Generation>1507177127825522</Generation><MetaGeneration>3</MetaGeneration><LastModified>2017-10-05T04:18:47.810Z</LastModified><ETag>"e936493c0f4ceeb7f6b504a491daa25c"</ETag><Size>4112345</Size></Contents><Contents><Key>2.33/chromedriver_linux64.zip</Key><Generation>1507064992981772</Generation"
11:28:46.626 [main] DEBUG org.apache.http.wire - http-outgoing-0 << "><MetaGeneration>3</MetaGeneration><LastModified>2017-10-03T21:09:52.970Z</LastModified><ETag>"6dc329fb8ecdff6a9f74eea053434662"</ETag><Size>4091651</Size></Contents><Contents><Key>2.33/chromedriver_mac64.zip</Key><Generation>1507073931449265</Generation><MetaGeneration>3</MetaGeneration><LastModified>2017-10-03T23:38:51.405Z</LastModified><ETag>"3d520b8ede8e9deb8c9a2efe2aec5f35"</ETag><Size>5426372</Size></Contents><Contents><Key>2.33/chromedriver_win32.zip</Key><Generation>1507069520611499</Generation><MetaGeneration>3</MetaGeneration><LastModified>2017-10-03T22:25:20.567Z</LastModified><ETag>"718df64a6e2b2efde50b26ac22fde229"</ETag><Size>4224500</Size></Contents><Contents><Key>2.33/notes.txt</Key><Generation>1507133834259422</Generation><MetaGeneration>3</MetaGeneration><LastModified>2017-10-04T16:17:14.226Z</LastModified><ETag>"d804e91269565d348bcb877965d7b590"</ETag><Size>11763</Size></Contents><Contents><Key>2.34/chromedriver_linux64.zip</Key><Generation>1512884654048087</Generation><MetaGeneration>3</MetaGeneration><LastModified>2017-12-10T05:44:14.043Z</LastModified><ETag>"5cb836b6e1842e3fc6abb34d00d3ad68"</ETag><Size>3730403</Size></Contents><Contents><Key>2.34/chromedriver_mac64.zip</Key><Generation>1512880535394126</Generation><MetaGeneration>3</MetaGeneration><LastModified>2017-12-10T04:35:35.230Z</LastModified><ETag>"5a8905f921bd7ecc49ccf45cb0073ea7"</ET"
11:28:46.627 [main] DEBUG org.apache.http.wire - http-outgoing-0 << "ag><Size>5290502</Size></Contents><Contents><Key>2.34/chromedriver_win32.zip</Key><Generation>1512876526226654</Generation><MetaGeneration>3</MetaGeneration><LastModified>2017-12-10T03:28:46.062Z</LastModified><ETag>"c97886e3d08531e7b65a368ef169b46e"</ETag><Size>3299360</Size></Contents><Contents><Key>2.34/notes.txt</Key><Generation>1513006955461727</Generation><MetaGeneration>3</MetaGeneration><LastModified>2017-12-11T15:42:35.423Z</LastModified><ETag>"f1ca3b0510d61fbb029e51974f89d9e0"</ETag><Size>12142</Size></Contents><Contents><Key>2.35/chromedriver_linux64.zip</Key><Generation>1515551757507218</Generation><MetaGeneration>3</MetaGeneration><LastModified>2018-01-10T02:35:57.501Z</LastModified><ETag>"e6d0298d3e1ed23f6639805d13ac2ae4"</ETag><Size>3721349</Size></Contents><Contents><Key>2.35/chromedriver_mac64.zip</Key><Generation>1515557172395247</Generation><MetaGeneration>3</MetaGeneration><LastModified>2018-01-10T04:06:12.351Z</LastModified><ETag>"720f6f8ab16dd3fcc0d5928402ac9f92"</ETag><Size>5508030</Size></Contents><Contents><Key>2.35/chromedriver_win32.zip</Key><Generation>1515619180660524</Generation><MetaGeneration>3</MetaGeneration><LastModified>2018-01-10T21:19:40.496Z</LastModified><ETag>"de52d0a610fb97fadc02301bc705c12b"</ETag><Size>3333556</Size></Contents><Contents><Key>2.35/notes.txt</Key><Generation>1515624252603224</Generation><MetaGeneration>3</Met"
11:28:46.629 [main] DEBUG org.apache.http.wire - http-outgoing-0 << "aGeneration><LastModified>2018-01-10T22:44:12.530Z</LastModified><ETag>"d3bb3cea8e65d290aab9ed3d60a25d7b"</ETag><Size>12590</Size></Contents><Contents><Key>2.36/chromedriver_linux64.zip</Key><Generation>1519985960496918</Generation><MetaGeneration>3</MetaGeneration><LastModified>2018-03-02T10:19:20.494Z</LastModified><ETag>"24d2004a0b6c9fb4fcd74d1966b0ca6e"</ETag><Size>3714550</Size></Contents><Contents><Key>2.36/chromedriver_mac64.zip</Key><Generation>1519982252057559</Generation><MetaGeneration>3</MetaGeneration><LastModified>2018-03-02T09:17:32.016Z</LastModified><ETag>"312cd778e385a255c60caed5ffbaf6e5"</ETag><Size>5583007</Size></Contents><Contents><Key>2.36/chromedriver_win32.zip</Key><Generation>1519989861544740</Generation><MetaGeneration>3</MetaGeneration><LastModified>2018-03-02T11:24:21.503Z</LastModified><ETag>"127536695f2f9210fab3c38d95515309"</ETag><Size>3357751</Size></Contents><Contents><Key>2.36/notes.txt</Key><Generation>1521065446810763</Generation><MetaGeneration>2</MetaGeneration><LastModified>2018-03-14T22:10:46.808Z</LastModified><ETag>"15f354899368dd308e429ada74589c1f"</ETag><Size>13427</Size></Contents><Contents><Key>2.37/chromedriver_linux64.zip</Key><Generation>1521559359328501</Generation><MetaGeneration>2</MetaGeneration><LastModified>2018-03-20T15:22:39.326Z</LastModified><ETag>"f4fbbf50eaec2b9c9e21536e39b9999e"</ETag><Size>3719424</Size>"
11:28:46.630 [main] DEBUG org.apache.http.wire - http-outgoing-0 << "</Contents><Contents><Key>2.37/chromedriver_mac64.zip</Key><Generation>1521570606690930</Generation><MetaGeneration>2</MetaGeneration><LastModified>2018-03-20T18:30:06.686Z</LastModified><ETag>"5e68436af99f9348d67127e5ab8d5eed"</ETag><Size>5515308</Size></Contents><Contents><Key>2.37/chromedriver_win32.zip</Key><Generation>1521558754125623</Generation><MetaGeneration>2</MetaGeneration><LastModified>2018-03-20T15:12:34.084Z</LastModified><ETag>"00c991baa1e51abf6d582aedae91291f"</ETag><Size>3348573</Size></Contents><Contents><Key>2.37/notes.txt</Key><Generation>1521236144528054</Generation><MetaGeneration>2</MetaGeneration><LastModified>2018-03-16T21:35:44.525Z</LastModified><ETag>"144b47991f471631ce010cd83d4c6a6c"</ETag><Size>13893</Size></Contents><Contents><Key>2.38/chromedriver_linux64.zip</Key><Generation>1524349869544209</Generation><MetaGeneration>1</MetaGeneration><LastModified>2018-04-21T22:31:09.542Z</LastModified><ETag>"a658925aaa3cd79eed075533b576c636"</ETag><Size>3772888</Size></Contents><Contents><Key>2.38/chromedriver_mac64.zip</Key><Generation>1524349870353912</Generation><MetaGeneration>1</MetaGeneration><LastModified>2018-04-21T22:31:10.352Z</LastModified><ETag>"fdab4d198278cb1a2bd7ac7441cc16a6"</ETag><Size>5577956</Size></Contents><Contents><Key>2.38/chromedriver_win32.zip</Key><Generation>1524349871060304</Generation><MetaGeneration>1</MetaGeneratio"
11:28:46.633 [main] DEBUG org.apache.http.wire - http-outgoing-0 << "n><LastModified>2018-04-21T22:31:11.058Z</LastModified><ETag>"dd3fa3caf72bbb42fefc8987a5c8b8dd"</ETag><Size>3378230</Size></Contents><Contents><Key>2.38/notes.txt</Key><Generation>1524066683375118</Generation><MetaGeneration>1</MetaGeneration><LastModified>2018-04-18T15:51:23.371Z</LastModified><ETag>"45d5a4bb585318b91f32007958b45e10"</ETag><Size>14415</Size></Contents><Contents><Key>2.39/chromedriver_linux64.zip</Key><Generation>1527662692232352</Generation><MetaGeneration>1</MetaGeneration><LastModified>2018-05-30T06:44:52.231Z</LastModified><ETag>"65d4a2115bbfc507aab33655f3b4881b"</ETag><Size>3839964</Size></Contents><Contents><Key>2.39/chromedriver_mac64.zip</Key><Generation>1527661195424983</Generation><MetaGeneration>1</MetaGeneration><LastModified>2018-05-30T06:19:55.386Z</LastModified><ETag>"7d24d752a518e6bb39f8f578e221caef"</ETag><Size>5653388</Size></Contents><Contents><Key>2.39/chromedriver_win32.zip</Key><Generation>1527663681736624</Generation><MetaGeneration>1</MetaGeneration><LastModified>2018-05-30T07:01:21.698Z</LastModified><ETag>"528065e171eaa8a935d08d5422ca2022"</ETag><Size>3435016</Size></Contents><Contents><Key>2.39/notes.txt</Key><Generation>1527699777215879</Generation><MetaGeneration>1</MetaGeneration><LastModified>2018-05-30T17:02:57.213Z</LastModified><ETag>"81e6fad22b6d6b90ae22d9ff3c86286b"</ETag><Size>15137</Size></Contents><Contents><Key"
11:28:46.633 [main] DEBUG org.apache.http.wire - http-outgoing-0 << ">2.4/chromedriver_linux32.zip</Key><Generation>1380606156436000</Generation><MetaGeneration>4</MetaGeneration><LastModified>2013-10-01T05:42:36.371Z</LastModified><ETag>"3f8ef2f01a7fb5805bed2d644569acba"</ETag><Size>7365316</Size></Contents><Contents><Key>2.4/chromedriver_linux64.zip</Key><Generation>1380605124572000</Generation><MetaGeneration>4</MetaGeneration><LastModified>2013-10-01T05:25:24.406Z</LastModified><ETag>"5e70555cbbf75e3480dd1629a35bc7e3"</ETag><Size>7536826</Size></Contents><Contents><Key>2.4/chromedriver_mac32.zip</Key><Generation>1380615154239000</Generation><MetaGeneration>4</MetaGeneration><LastModified>2013-10-01T08:12:34.120Z</LastModified><ETag>"0816b2a06428962b1a2da103eb59323c"</ETag><Size>7727580</Size></Contents><Contents><Key>2.4/chromedriver_win32.zip</Key><Generation>1380667399987000</Generation><MetaGeneration>3</MetaGeneration><LastModified>2013-10-01T22:43:19.814Z</LastModified><ETag>"0280d3a9e713a38216a4e34a9ec1fba2"</ETag><Size>2980414</Size></Contents><Contents><Key>2.4/notes.txt</Key><Generation>1380605131079000</Generation><MetaGeneration>6</MetaGeneration><LastModified>2013-10-01T05:25:31.079Z</LastModified><ETag>"91ac3af6739a33188186e16c6a76d179"</ETag><Size>1089</Size></Contents><Contents><Key>2.40/chromedriver_linux64.zip</Key><Generation>1528416152590706</Generation><MetaGeneration>1</MetaGeneration><LastModified>2018-06-08T"
11:28:46.635 [main] DEBUG org.apache.http.wire - http-outgoing-0 << "00:02:32.589Z</LastModified><ETag>"2e3919ae1789cf1b8eba6b42e1f1984b"</ETag><Size>3860375</Size></Contents><Contents><Key>2.40/chromedriver_mac64.zip</Key><Generation>1528415060247462</Generation><MetaGeneration>1</MetaGeneration><LastModified>2018-06-07T23:44:20.210Z</LastModified><ETag>"4f4d3db44e6c00b8773086f94ba6343f"</ETag><Size>5665054</Size></Contents><Contents><Key>2.40/chromedriver_win32.zip</Key><Generation>1528434719250196</Generation><MetaGeneration>1</MetaGeneration><LastModified>2018-06-08T05:11:59.212Z</LastModified><ETag>"8383c1564bf9db94136873e69dd71c1c"</ETag><Size>3457722</Size></Contents><Contents><Key>2.40/notes.txt</Key><Generation>1528416053864704</Generation><MetaGeneration>1</MetaGeneration><LastModified>2018-06-08T00:00:53.863Z</LastModified><ETag>"88481ea5920cbf6a8d8cf4ca692c9f60"</ETag><Size>15680</Size></Contents><Contents><Key>2.41/chromedriver_linux64.zip</Key><Generation>1532719501951804</Generation><MetaGeneration>1</MetaGeneration><LastModified>2018-07-27T19:25:01.951Z</LastModified><ETag>"fbd8b9561575054e0e7e9cc53b680a70"</ETag><Size>3944714</Size></Contents><Contents><Key>2.41/chromedriver_mac64.zip</Key><Generation>1532724335682155</Generation><MetaGeneration>1</MetaGeneration><LastModified>2018-07-27T20:45:35.681Z</LastModified><ETag>"4c86429625373392bd9773c9d0a1c6a4"</ETag><Size>5760121</Size></Contents><Contents><Key>2.41/chrome"
11:28:46.635 [main] DEBUG org.apache.http.wire - http-outgoing-0 << "driver_win32.zip</Key><Generation>1532727860004655</Generation><MetaGeneration>1</MetaGeneration><LastModified>2018-07-27T21:44:20.004Z</LastModified><ETag>"ab047aa361aeb863e58514a9f46bcdb7"</ETag><Size>3552160</Size></Contents><Contents><Key>2.41/notes.txt</Key><Generation>1532728709448876</Generation><MetaGeneration>1</MetaGeneration><LastModified>2018-07-27T21:58:29.448Z</LastModified><ETag>"0b595efd8eec0ed4352c69bba64e0d7c"</ETag><Size>16270</Size></Contents><Contents><Key>2.42/chromedriver_linux64.zip</Key><Generation>1536867037819373</Generation><MetaGeneration>1</MetaGeneration><LastModified>2018-09-13T19:30:37.819Z</LastModified><ETag>"acfcc29fb03df9e913ef4c360a121ad1"</ETag><Size>4039043</Size></Contents><Contents><Key>2.42/chromedriver_mac64.zip</Key><Generation>1536862451882989</Generation><MetaGeneration>1</MetaGeneration><LastModified>2018-09-13T18:14:11.882Z</LastModified><ETag>"3fc0e4a97cbf2c8c2a9b824d95e25351"</ETag><Size>6025563</Size></Contents><Contents><Key>2.42/chromedriver_win32.zip</Key><Generation>1536873093012621</Generation><MetaGeneration>1</MetaGeneration><LastModified>2018-09-13T21:11:33.012Z</LastModified><ETag>"28d91b31311146250e7ef1afbcd6d026"</ETag><Size>3583814</Size></Contents><Contents><Key>2.42/notes.txt</Key><Generation>1536873789662914</Generation><MetaGeneration>1</MetaGeneration><LastModified>2018-09-13T21:23:09.662Z</LastModi"
11:28:46.638 [main] DEBUG org.apache.http.wire - http-outgoing-0 << "fied><ETag>"18bdf6fc9f9d8dd668fa444b77d06bdd"</ETag><Size>17384</Size></Contents><Contents><Key>2.43/chromedriver_linux64.zip</Key><Generation>1539744373125437</Generation><MetaGeneration>1</MetaGeneration><LastModified>2018-10-17T02:46:13.125Z</LastModified><ETag>"1a67148288f4320e5125649f66e02962"</ETag><Size>4083255</Size></Contents><Contents><Key>2.43/chromedriver_mac64.zip</Key><Generation>1539749389312726</Generation><MetaGeneration>1</MetaGeneration><LastModified>2018-10-17T04:09:49.312Z</LastModified><ETag>"249108ab937a3bf8ae8fd22366b1c208"</ETag><Size>5987780</Size></Contents><Contents><Key>2.43/chromedriver_win32.zip</Key><Generation>1539745310075445</Generation><MetaGeneration>1</MetaGeneration><LastModified>2018-10-17T03:01:50.075Z</LastModified><ETag>"d238c157263ec7f668e0ea045f29f1b7"</ETag><Size>3614625</Size></Contents><Contents><Key>2.43/notes.txt</Key><Generation>1539752445087923</Generation><MetaGeneration>1</MetaGeneration><LastModified>2018-10-17T05:00:45.087Z</LastModified><ETag>"a84902c9429641916b085a72ad5de724"</ETag><Size>18830</Size></Contents><Contents><Key>2.44/chromedriver_linux64.zip</Key><Generation>1542681642988084</Generation><MetaGeneration>1</MetaGeneration><LastModified>2018-11-20T02:40:42.987Z</LastModified><ETag>"758486720c837d7dfd5973e4d4ba78b4"</ETag><Size>5336023</Size></Contents><Contents><Key>2.44/chromedriver_mac64.zip</Key><"
11:28:46.638 [main] DEBUG org.apache.http.wire - http-outgoing-0 << "Generation>1542691504504029</Generation><MetaGeneration>1</MetaGeneration><LastModified>2018-11-20T05:25:04.503Z</LastModified><ETag>"d5690b0fea5fd108e9b31e401725657d"</ETag><Size>6909780</Size></Contents><Contents><Key>2.44/chromedriver_win32.zip</Key><Generation>1542683724899354</Generation><MetaGeneration>1</MetaGeneration><LastModified>2018-11-20T03:15:24.899Z</LastModified><ETag>"cf7c841cba2300d52092b1e8245e771a"</ETag><Size>4574762</Size></Contents><Contents><Key>2.44/notes.txt</Key><Generation>1542695268878969</Generation><MetaGeneration>1</MetaGeneration><LastModified>2018-11-20T06:27:48.878Z</LastModified><ETag>"449e28ad93d4f9c0d9bdd8a7984931f2"</ETag><Size>19540</Size></Contents><Contents><Key>2.45/chromedriver_linux64.zip</Key><Generation>1544484022017823</Generation><MetaGeneration>1</MetaGeneration><LastModified>2018-12-10T23:20:22.017Z</LastModified><ETag>"61c3484abc908c543b823cf42f58fc5d"</ETag><Size>5390515</Size></Contents><Contents><Key>2.45/chromedriver_mac64.zip</Key><Generation>1544501542648069</Generation><MetaGeneration>1</MetaGeneration><LastModified>2018-12-11T04:12:22.647Z</LastModified><ETag>"9f6b235f30b6ea4579612273595c8301"</ETag><Size>6952342</Size></Contents><Contents><Key>2.45/chromedriver_win32.zip</Key><Generation>1544490640557413</Generation><MetaGeneration>1</MetaGeneration><LastModified>2018-12-11T01:10:40.557Z</LastModified><ETag"
11:28:46.641 [main] DEBUG org.apache.http.wire - http-outgoing-0 << ">"6ee964d7172fb8bcd8538ccb430b53ed"</ETag><Size>4599757</Size></Contents><Contents><Key>2.45/notes.txt</Key><Generation>1544505459620982</Generation><MetaGeneration>1</MetaGeneration><LastModified>2018-12-11T05:17:39.620Z</LastModified><ETag>"d98475f7fad0a16aa0543c01defa518c"</ETag><Size>20391</Size></Contents><Contents><Key>2.46/chromedriver_linux64.zip</Key><Generation>1549048944041234</Generation><MetaGeneration>1</MetaGeneration><LastModified>2019-02-01T19:22:24.040Z</LastModified><ETag>"f63b50301dbce2335cdd442642d7efa0"</ETag><Size>5404417</Size></Contents><Contents><Key>2.46/chromedriver_mac64.zip</Key><Generation>1549056933184378</Generation><MetaGeneration>1</MetaGeneration><LastModified>2019-02-01T21:35:33.184Z</LastModified><ETag>"e287cfb628fbd9f6092ddd0353cbddaf"</ETag><Size>7057233</Size></Contents><Contents><Key>2.46/chromedriver_win32.zip</Key><Generation>1549056053033499</Generation><MetaGeneration>1</MetaGeneration><LastModified>2019-02-01T21:20:53.033Z</LastModified><ETag>"d498f2bb7a14216b235f122a615df07a"</ETag><Size>4631571</Size></Contents><Contents><Key>2.46/notes.txt"
11:28:46.642 [main] DEBUG org.apache.http.wire - http-outgoing-0 << "</Key><Generation>1549057268379781</Generation><MetaGeneration>1</MetaGeneration><LastModified>2019-02-01T21:41:08.379Z</LastModified><ETag>"3cee5a7e5102a1fe996a7bb84c52983f"</ETag><Size>21740</Size></Contents><Contents><Key>2.5/chromedriver_linux32.zip</Key><Generation>1383328918259000</Generation><MetaGeneration>3</MetaGeneration><LastModified>2013-11-01T18:01:58.116Z</LastModified><ETag>"aa61a13c88349be12750d339c7798dc7"</ETag><Size>7389184</Size></Contents><Contents><Key>2.5/chromedriver_linux64.zip</Key><Generation>1383329673456000</Generation><MetaGeneration>3</MetaGeneration><LastModified>2013-11-01T18:14:33.324Z</LastModified><ETag>"2a45ca3b32bd1685bb796eeb564e9fc8"</ETag><Size>7558132</Size></Contents><Contents><Key>2.5/chromedriver_mac32.zip</Key><Generation>1383330102006000</Generation><MetaGeneration>3</MetaGeneration><LastModified>2013-11-01T18:21:41.920Z</LastModified><ETag>"9569eb890c607db2b9ba65d451332b38"</ETag><Size>7748945</Size></Contents><Contents><Key>2.5/notes.txt</Key><Generation>1383599180707000</Generation><MetaGeneration>3</MetaGeneration><LastModified>2013-11-04T21:06:20.707Z</LastModified><ETag>"7908cf40321cbd45fd0486545cbcf471"</ETag><Size>1472</Size></Contents><Contents><Key>2.6/chromedriver_linux32.zip</Key><Generation>1383635603103000</Generation><MetaGeneration>3</MetaGeneration><LastModified>2013-11-05T07:13:23.018Z</LastModified><E"
11:28:46.643 [main] DEBUG org.apache.http.wire - http-outgoing-0 << "Tag>"007bbff965cb4be6fe7734236b5afd52"</ETag><Size>7402921</Size></Contents><Contents><Key>2.6/chromedriver_linux64.zip</Key><Generation>1383637204372000</Generation><MetaGeneration>3</MetaGeneration><LastModified>2013-11-05T07:40:04.302Z</LastModified><ETag>"0dbc5606c8481f8ae9775d1a27c3a8a5"</ETag><Size>7571534</Size></Contents><Contents><Key>2.6/chromedriver_mac32.zip</Key><Generation>1383634780220000</Generation><MetaGeneration>3</MetaGeneration><LastModified>2013-11-05T06:59:40.106Z</LastModified><ETag>"648f6fad997ff0bc9e177cf2ad3963f4"</ETag><Size>7760366</Size></Contents><Contents><Key>2.6/chromedriver_win32.zip</Key><Generation>1383754521029000</Generation><MetaGeneration>3</MetaGeneration><LastModified>2013-11-06T16:15:20.926Z</LastModified><ETag>"48f8d2462e44b8d06f88ff56857620c0"</ETag><Size>3078771</Size></Contents><Contents><Key>2.6/chromedriver_win32_debug.zip</Key><Generation>1384201923119000</Generation><MetaGeneration>3</MetaGeneration><LastModified>2013-11-11T20:32:03.031Z</LastModified><ETag>"6b6229f734d787f3c7d787097738376d"</ETag><Size>5695292</Size></Contents><Contents><Key>2.6/chromedriver_win32_debug_symbols.zip</Key><Generation>1384202252694000</Generation><MetaGeneration>3</MetaGeneration><LastModified>2013-11-11T20:37:32.632Z</LastModified><ETag>"d2ee47c2c6b6bdcd165ccd10cfebdd6b"</ETag><Size>17758457</Size></Contents><Contents><Key>2.6/notes."
11:28:46.644 [main] DEBUG org.apache.http.wire - http-outgoing-0 << "txt</Key><Generation>1383634792719000</Generation><MetaGeneration>3</MetaGeneration><LastModified>2013-11-05T06:59:52.718Z</LastModified><ETag>"e995b11e4ec35c7f2d83da95e27cb092"</ETag><Size>1709</Size></Contents><Contents><Key>2.7/chromedriver_linux32.zip</Key><Generation>1385161322161000</Generation><MetaGeneration>3</MetaGeneration><LastModified>2013-11-22T23:02:01.944Z</LastModified><ETag>"f054ab7718126c55daa73dd8b13d10bf"</ETag><Size>7421106</Size></Contents><Contents><Key>2.7/chromedriver_linux64.zip</Key><Generation>1385164463398000</Generation><MetaGeneration>3</MetaGeneration><LastModified>2013-11-22T23:54:23.305Z</LastModified><ETag>"07e80e731ee84bc16834c36142d03b8e"</ETag><Size>7591999</Size></Contents><Contents><Key>2.7/chromedriver_mac32.zip</Key><Generation>1385167061738000</Generation><MetaGeneration>3</MetaGeneration><LastModified>2013-11-23T00:37:41.700Z</LastModified><ETag>"7a548bf2d0802a9ea6b9425d682d40a5"</ETag><Size>8508628</Size></Contents><Contents><Key>2.7/chromedriver_win32.zip</Key><Generation>1385212708709000</Generation><MetaGeneration>3</MetaGeneration><LastModified>2013-11-23T13:18:28.523Z</LastModified><ETag>"f9b86861545951bd24da0235f9793f67"</ETag><Size>3098586</Size></Contents><Contents><Key>2.7/notes.txt</Key><Generation>1385161329240000</Generation><MetaGeneration>3</MetaGeneration><LastModified>2013-11-22T23:02:09.240Z</LastModified"
11:28:46.646 [main] DEBUG org.apache.http.wire - http-outgoing-0 << "><ETag>"8da18f0b553807a79265aabca9929bd3"</ETag><Size>2101</Size></Contents><Contents><Key>2.8/chromedriver_linux32.zip</Key><Generation>1387237269881000</Generation><MetaGeneration>3</MetaGeneration><LastModified>2013-12-16T23:41:09.841Z</LastModified><ETag>"8db373d7cd45a4a188519041ccf271db"</ETag><Size>7448193</Size></Contents><Contents><Key>2.8/chromedriver_linux64.zip</Key><Generation>1387242132675000</Generation><MetaGeneration>3</MetaGeneration><LastModified>2013-12-17T01:02:12.644Z</LastModified><ETag>"72a3eacd74b6e3d67d4871a747ecbeb2"</ETag><Size>7617490</Size></Contents><Contents><Key>2.8/chromedriver_mac32.zip</Key><Generation>1387237940606000</Generation><MetaGeneration>3</MetaGeneration><LastModified>2013-12-16T23:52:20.600Z</LastModified><ETag>"ba1ecf067859bd9de4720e63163d5dce"</ETag><Size>8511020</Size></Contents><Contents><Key>2.8/chromedriver_win32.zip</Key><Generation>1387272096383000</Generation><MetaGeneration>3</MetaGeneration><LastModified>2013-12-17T09:21:36.370Z</LastModified><ETag>"209236a3fc361f06c0bf8554010fc231"</ETag><Size>3105633</Size></Contents><Contents><Key>2.8/notes.txt</Key><Generation>1387237276818000</Generation><MetaGeneration>3</MetaGeneration><LastModified>2013-12-16T23:41:16.818Z</LastModified><ETag>"a91291cc556ed0d44f5e252a79e0cfa1"</ETag><Size>2632</Size></Contents><Contents><Key>2.9/chromedriver_linux32.zip</Key><Generation"
11:28:46.646 [main] DEBUG org.apache.http.wire - http-outgoing-0 << ">1391418710616000</Generation><MetaGeneration>3</MetaGeneration><LastModified>2014-02-03T09:11:50.536Z</LastModified><ETag>"780c12bf34d4f4029b7586b927b1fa69"</ETag><Size>2405487</Size></Contents><Contents><Key>2.9/chromedriver_linux64.zip</Key><Generation>1391418733835000</Generation><MetaGeneration>3</MetaGeneration><LastModified>2014-02-03T09:12:13.790Z</LastModified><ETag>"e2e44f064ecb69ec5b6f1b80f3d13c93"</ETag><Size>2264246</Size></Contents><Contents><Key>2.9/chromedriver_mac32.zip</Key><Generation>1391226207130000</Generation><MetaGeneration>3</MetaGeneration><LastModified>2014-02-01T03:43:26.983Z</LastModified><ETag>"d33f5bbea74968610b5face51a533419"</ETag><Size>4454627</Size></Contents><Contents><Key>2.9/chromedriver_win32.zip</Key><Generation>1391772187327000</Generation><MetaGeneration>3</MetaGeneration><LastModified>2014-02-07T11:23:07.160Z</LastModified><ETag>"ef6a4819563ef993c3aac8f229c0ca91"</ETag><Size>3147400</Size></Contents><Contents><Key>2.9/notes.txt</Key><Generation>1391222453787000</Generation><MetaGeneration>3</MetaGeneration><LastModified>2014-02-01T02:40:53.787Z</LastModified><ETag>"e1ccebcc93e7f295cf6e5a187ca1b3f3"</ETag><Size>3697</Size></Contents><Contents><Key>70.0.3538.16/chromedriver_linux64.zip</Key><Generation>1537228578852463</Generation><MetaGeneration>1</MetaGeneration><LastModified>2018-09-17T23:56:18.852Z</LastModified><ETag>"aa7"
11:28:46.649 [main] DEBUG org.apache.http.wire - http-outgoing-0 << "bb2d4a516464162c97ab62d676b88"</ETag><Size>3637278</Size></Contents><Contents><Key>70.0.3538.16/chromedriver_mac64.zip</Key><Generation>1537228580401426</Generation><MetaGeneration>1</MetaGeneration><LastModified>2018-09-17T23:56:20.401Z</LastModified><ETag>"4d01ffac43d8e63a6bb334dbb99010c0"</ETag><Size>5935851</Size></Contents><Contents><Key>70.0.3538.16/chromedriver_win32.zip</Key><Generation>1537228581777336</Generation><MetaGeneration>1</MetaGeneration><LastModified>2018-09-17T23:56:21.776Z</LastModified><ETag>"ed2a5a850121af095a61b816319cf42b"</ETag><Size>3536229</Size></Contents><Contents><Key>70.0.3538.67/chromedriver_linux64.zip</Key><Generation>1539793394140824</Generation><MetaGeneration>1</MetaGeneration><LastModified>2018-10-17T16:23:14.140Z</LastModified><ETag>"33059ab16448402ed2e6bdd302ed1aa2"</ETag><Size>3639590</Size></Contents><Contents><Key>70.0.3538.67/chromedriver_mac64.zip</Key><Generation>1539793395562598</Generation><MetaGeneration>1</MetaGeneration><LastModified>2018-10-17T16:23:15.562Z</LastModified><ETag>"c69c48e41dd22e31d4054506a0696672"</ETag><Size>5936605</Size></Contents><Contents><Key>70.0.3538.67/chromedriver_win32.zip</Key><Generation>1539793396943249</Generation><MetaGeneration>1</MetaGeneration><LastModified>2018-10-17T16:23:16.942Z</LastModified><ETag>"5d7c2f0aa152608a100d8483db5417fa"</ETag><Size>3537147</Size></Contents><Contents"
11:28:46.649 [main] DEBUG org.apache.http.wire - http-outgoing-0 << "><Key>70.0.3538.97/chromedriver_linux64.zip</Key><Generation>1541488743877715</Generation><MetaGeneration>1</MetaGeneration><LastModified>2018-11-06T07:19:03.877Z</LastModified><ETag>"8f10bcf955a106305de082a34558e738"</ETag><Size>3640017</Size></Contents><Contents><Key>70.0.3538.97/chromedriver_mac64.zip</Key><Generation>1541488745383885</Generation><MetaGeneration>1</MetaGeneration><LastModified>2018-11-06T07:19:05.383Z</LastModified><ETag>"1bfa75f3a3482147403eb5e309858cc1"</ETag><Size>5939993</Size></Contents><Contents><Key>70.0.3538.97/chromedriver_win32.zip</Key><Generation>1541488747021615</Generation><MetaGeneration>1</MetaGeneration><LastModified>2018-11-06T07:19:07.021Z</LastModified><ETag>"054d108aed4f364085a19d1089389f05"</ETag><Size>3539215</Size></Contents><Contents><Key>71.0.3578.137/chromedriver_linux64.zip</Key><Generation>1548099339578509</Generation><MetaGeneration>1</MetaGeneration><LastModified>2019-01-21T19:35:39.578Z</LastModified><ETag>"de074eedbd3d1346a89d86e85f33fd7f"</ETag><Size>3697329</Size></Contents><Contents><Key>71.0.3578.137/chromedriver_mac64.zip</Key><Generation>1548099341078193</Generation><MetaGeneration>1</MetaGeneration><LastModified>2019-01-21T19:35:41.077Z</LastModified><ETag>"ddd162b56b7eae351d15853543584ba0"</ETag><Size>5978768</Size></Contents><Contents><Key>71.0.3578.137/chromedriver_win32.zip</Key><Generation>1548099342601"
11:28:46.653 [main] DEBUG org.apache.http.wire - http-outgoing-0 << "204</Generation><MetaGeneration>1</MetaGeneration><LastModified>2019-01-21T19:35:42.600Z</LastModified><ETag>"0d6a6885b5af7a45a8bd27544bbfc591"</ETag><Size>3586381</Size></Contents><Contents><Key>71.0.3578.30/chromedriver_linux64.zip</Key><Generation>1541106165154991</Generation><MetaGeneration>1</MetaGeneration><LastModified>2018-11-01T21:02:45.154Z</LastModified><ETag>"7ddb1d64f4ee22be582ce78a92700363"</ETag><Size>3694605</Size></Contents><Contents><Key>71.0.3578.30/chromedriver_mac64.zip</Key><Generation>1541106166806633</Generation><MetaGeneration>1</MetaGeneration><LastModified>2018-11-01T21:02:46.806Z</LastModified><ETag>"b631f755a1f37a0ee579b04447406da9"</ETag><Size>5976275</Size></Contents><Contents><Key>71.0.3578.30/chromedriver_win32.zip</Key><Generation>1541106168245553</Generation><MetaGeneration>1</MetaGeneration><LastModified>2018-11-01T21:02:48.245Z</LastModified><ETag>"abe476040e3c2bcd040051e352d3a0a5"</ETag><Size>3585131</Size></Contents><Contents><Key>71.0.3578.33/chromedriver_linux64.zip</Key><Generation>1541175323660135</Generation><MetaGeneration>1</MetaGeneration><LastModified>2018-11-02T16:15:23.659Z</LastModified><ETag>"e08ace3c4584a39c4d6fcd9992205135"</ETag><Size>3695570</Size></Contents><Contents><Key>71.0.3578.33/chromedriver_mac64.zip</Key><Generation>1541175325080431</Generation><MetaGeneration>1</MetaGeneration><LastModified>2018-11-02T"
11:28:46.654 [main] DEBUG org.apache.http.wire - http-outgoing-0 << "16:15:25.079Z</LastModified><ETag>"44665175f70fe1a2054da294cf19f827"</ETag><Size>5976914</Size></Contents><Contents><Key>71.0.3578.33/chromedriver_win32.zip</Key><Generation>1541175326448038</Generation><MetaGeneration>1</MetaGeneration><LastModified>2018-11-02T16:15:26.447Z</LastModified><ETag>"9cbdcbbc72656b8d7aee740f06a86ac3"</ETag><Size>3586505</Size></Contents><Contents><Key>71.0.3578.80/chromedriver_linux64.zip</Key><Generation>1544555442607345</Generation><MetaGeneration>1</MetaGeneration><LastModified>2018-12-11T19:10:42.607Z</LastModified><ETag>"2e9fedf0a202061e91ad6c7c6a39bd7e"</ETag><Size>3696055</Size></Contents><Contents><Key>71.0.3578.80/chromedriver_mac64.zip</Key><Generation>1544555444105420</Generation><MetaGeneration>1</MetaGeneration><LastModified>2018-12-11T19:10:44.105Z</LastModified><ETag>"e39bdc1909c3432fdae36a9a65e43604"</ETag><Size>5976167</Size></Contents><Contents><Key>71.0.3578.80/chromedriver_win32.zip</Key><Generation>1544555445645051</Generation><MetaGeneration>1</MetaGeneration><LastModified>2018-12-11T19:10:45.644Z</LastModified><ETag>"1768dfec46d21b980fd0cd8e5f4aae99"</ETag><Size>3588192</Size></Contents><Contents><Key>72.0.3626.69/chromedriver_linux64.zip</Key><Generation>1548141701137622</Generation><MetaGeneration>1</MetaGeneration><LastModified>2019-01-22T07:21:41.137Z</LastModified><ETag>"902a5fae03b63cc6deeb750d63211f67"</ETag>"
11:28:46.655 [main] DEBUG org.apache.http.wire - http-outgoing-0 << "<Size>5040584</Size></Contents><Contents><Key>72.0.3626.69/chromedriver_mac64.zip</Key><Generation>1548141702748580</Generation><MetaGeneration>1</MetaGeneration><LastModified>2019-01-22T07:21:42.748Z</LastModified><ETag>"8ce656dcb0a145ffb887eb08a1806723"</ETag><Size>6908476</Size></Contents><Contents><Key>72.0.3626.69/chromedriver_win32.zip</Key><Generation>1548141704112020</Generation><MetaGeneration>1</MetaGeneration><LastModified>2019-01-22T07:21:44.111Z</LastModified><ETag>"09af2515e314569d11636efc72a7597b"</ETag><Size>4591587</Size></Contents><Contents><Key>72.0.3626.7/chromedriver_linux64.zip</Key><Generation>1544555385570586</Generation><MetaGeneration>1</MetaGeneration><LastModified>2018-12-11T19:09:45.570Z</LastModified><ETag>"b25373e06303ed3f994f459e007633e0"</ETag><Size>5035783</Size></Contents><Contents><Key>72.0.3626.7/chromedriver_mac64.zip</Key><Generation>1544555387031824</Generation><MetaGeneration>1</MetaGeneration><LastModified>2018-12-11T19:09:47.031Z</LastModified><ETag>"c18ac5f9dba6e5a7a2e77841ec6805f0"</ETag><Size>6905675</Size></Contents><Contents><Key>72.0.3626.7/chromedriver_win32.zip</Key><Generation>1544555388417525</Generation><MetaGeneration>1</MetaGeneration><LastModified>2018-12-11T19:09:48.417Z</LastModified><ETag>"2f30c651ba034444aede3724979d2d46"</ETag><Size>4588757</Size></Contents><Contents><Key>73.0.3683.20/chromedriver_linux64."
11:28:46.655 [main] DEBUG org.apache.http.wire - http-outgoing-0 << "zip</Key><Generation>1549481045478350</Generation><MetaGeneration>1</MetaGeneration><LastModified>2019-02-06T19:24:05.478Z</LastModified><ETag>"0bb4f8f1fdacac21a6cd9cc2fc5b75d8"</ETag><Size>5010361</Size></Contents><Contents><Key>73.0.3683.20/chromedriver_mac64.zip</Key><Generation>1549481047300351</Generation><MetaGeneration>1</MetaGeneration><LastModified>2019-02-06T19:24:07.300Z</LastModified><ETag>"0fb2fafcc55dbfff92ba4efa0401af3d"</ETag><Size>6987611</Size></Contents><Contents><Key>73.0.3683.20/chromedriver_win32.zip</Key><Generation>1549481048801291</Generation><MetaGeneration>1</MetaGeneration><LastModified>2019-02-06T19:24:08.801Z</LastModified><ETag>"83650e1cc5da6641e1257a10ea1bac6c"</ETag><Size>4587131</Size></Contents><Contents><Key>73.0.3683.20/notes.txt</Key><Generation>1549481402159525</Generation><MetaGeneration>1</MetaGeneration><LastModified>2019-02-06T19:30:02.159Z</LastModified><ETag>"3560c78d1f7ad5606a9b397d989a8547"</ETag><Size>1147</Size></Contents><Contents><Key>73.0.3683.68/chromedriver_linux64.zip</Key><Generation>1551998094837807</Generation><MetaGeneration>1</MetaGeneration><LastModified>2019-03-07T22:34:54.837Z</LastModified><ETag>"16d6ef61ff19649df9251d742ed85c62"</ETag><Size>5008482</Size></Contents><Contents><Key>73.0.3683.68/chromedriver_mac64.zip</Key><Generation>1551998096466467</Generation><MetaGeneration>1</MetaGeneration><LastModi"
11:28:46.659 [main] DEBUG org.apache.http.wire - http-outgoing-0 << "fied>2019-03-07T22:34:56.466Z</LastModified><ETag>"9af243f31d0e7e0444bdcc11ec35aa5d"</ETag><Size>6993125</Size></Contents><Contents><Key>73.0.3683.68/chromedriver_win32.zip</Key><Generation>1551998098046350</Generation><MetaGeneration>1</MetaGeneration><LastModified>2019-03-07T22:34:58.045Z</LastModified><ETag>"47bf69232c8b62139e642927cccfe2e4"</ETag><Size>4590782</Size></Contents><Contents><Key>73.0.3683.68/notes.txt</Key><Generation>1551998503216903</Generation><MetaGeneration>1</MetaGeneration><LastModified>2019-03-07T22:41:43.216Z</LastModified><ETag>"6899c47dec5549c1145f209a409c19a1"</ETag><Size>1358</Size></Contents><Contents><Key>74.0.3729.6/chromedriver_linux64.zip</Key><Generation>1552418726063924</Generation><MetaGeneration>1</MetaGeneration><LastModified>2019-03-12T19:25:26.063Z</LastModified><ETag>"3cd9e67808926bfba9a3f5946e2a994d"</ETag><Size>5065988</Size></Contents><Contents><Key>74.0.3729.6/chromedriver_mac64.zip</Key><Generation>1552418727632998</Generation><MetaGeneration>1</MetaGeneration><LastModified>2019-03-12T19:25:27.632Z</LastModified><ETag>"de2aa78283af413100cddc2a4dee3ebc"</ETag><Size>7014527</Size></Contents><Contents><Key>74.0.3729.6/chromedriver_win32.zip</Key><Generation>1552418729125077</Generation><MetaGeneration>1</MetaGeneration><LastModified>2019-03-12T19:25:29.124Z</LastModified><ETag>"9780b9b586e74253df9b58928b959861"</ETag><Size"
11:28:46.659 [main] DEBUG org.apache.http.wire - http-outgoing-0 << ">4622324</Size></Contents><Contents><Key>74.0.3729.6/notes.txt</Key><Generation>1552587469066754</Generation><MetaGeneration>1</MetaGeneration><LastModified>2019-03-14T18:17:49.066Z</LastModified><ETag>"d6180d1b525cf857b030077a525a9f47"</ETag><Size>1027</Size></Contents><Contents><Key>75.0.3770.8/chromedriver_linux64.zip</Key><Generation>1556582616530168</Generation><MetaGeneration>1</MetaGeneration><LastModified>2019-04-30T00:03:36.529Z</LastModified><ETag>"ee28a86911127498409dc8623d39ea94"</ETag><Size>5135200</Size></Contents><Contents><Key>75.0.3770.8/chromedriver_mac64.zip</Key><Generation>1556582617965112</Generation><MetaGeneration>1</MetaGeneration><LastModified>2019-04-30T00:03:37.964Z</LastModified><ETag>"cfb21004d8c825a1cf5b24e5b79c53cf"</ETag><Size>7097829</Size></Contents><Contents><Key>75.0.3770.8/chromedriver_win32.zip</Key><Generation>1556582619352593</Generation><MetaGeneration>1</MetaGeneration><LastModified>2019-04-30T00:03:39.352Z</LastModified><ETag>"5e27caa8c5212b210f6d78c0c7c5b854"</ETag><Size>4658635</Size></Contents><Contents><Key>75.0.3770.8/notes.txt</Key><Generation>1556582622768476</Generation><MetaGeneration>1</MetaGeneration><LastModified>2019-04-30T00:03:42.768Z</LastModified><ETag>"136ac49952a5667b60a63419673cda65"</ETag><Size>1214</Size></Contents><Contents><Key>LATEST_RELEASE</Key><Generation>1556640752489517</Generation><MetaGenerat"
11:28:46.660 [main] DEBUG org.apache.http.wire - http-outgoing-0 << "ion>1</MetaGeneration><LastModified>2019-04-30T16:12:32.489Z</LastModified><ETag>"445488632b27bf112162f240458c8b75"</ETag><Size>11</Size></Contents><Contents><Key>LATEST_RELEASE_70</Key><Generation>1550727463184297</Generation><MetaGeneration>1</MetaGeneration><LastModified>2019-02-21T05:37:43.183Z</LastModified><ETag>"d457e2744f5dcfce1d0c081d08a954a4"</ETag><Size>12</Size></Contents><Contents><Key>LATEST_RELEASE_70.0.3538</Key><Generation>1541488748414313</Generation><MetaGeneration>1</MetaGeneration><LastModified>2018-11-06T07:19:08.413Z</LastModified><ETag>"d457e2744f5dcfce1d0c081d08a954a4"</ETag><Size>12</Size></Contents><Contents><Key>LATEST_RELEASE_71</Key><Generation>1550727449971220</Generation><MetaGeneration>1</MetaGeneration><LastModified>2019-02-21T05:37:29.970Z</LastModified><ETag>"3748a8dce2336099e62747207336606b"</ETag><Size>13</Size></Contents><Contents><Key>LATEST_RELEASE_71.0.3578</Key><Generation>1548099343788813</Generation><MetaGeneration>1</MetaGeneration><LastModified>2019-01-21T19:35:43.788Z</LastModified><ETag>"3748a8dce2336099e62747207336606b"</ETag><Size>13</Size></Contents><Contents><Key>LATEST_RELEASE_72</Key><Generation>1550727437996370</Generation><MetaGeneration>1</MetaGeneration><LastModified>2019-02-21T05:37:17.996Z</LastModified><ETag>"edc8389a93d2c7c746cbf0eda0852bea"</ETag><Size>12</Size></Contents><Contents><Key>LATEST_RELEASE_72"
11:28:46.661 [main] DEBUG org.apache.http.wire - http-outgoing-0 << ".0.3626</Key><Generation>1548141705397053</Generation><MetaGeneration>1</MetaGeneration><LastModified>2019-01-22T07:21:45.396Z</LastModified><ETag>"edc8389a93d2c7c746cbf0eda0852bea"</ETag><Size>12</Size></Contents><Contents><Key>LATEST_RELEASE_73</Key><Generation>1552406759037011</Generation><MetaGeneration>1</MetaGeneration><LastModified>2019-03-12T16:05:59.036Z</LastModified><ETag>"4a51baa3e8827a77804c49bfc54a0c65"</ETag><Size>12</Size></Contents><Contents><Key>LATEST_RELEASE_73.0.3683</Key><Generation>1551998099301405</Generation><MetaGeneration>1</MetaGeneration><LastModified>2019-03-07T22:34:59.301Z</LastModified><ETag>"4a51baa3e8827a77804c49bfc54a0c65"</ETag><Size>12</Size></Contents><Contents><Key>LATEST_RELEASE_74</Key><Generation>1552418731583998</Generation><MetaGeneration>1</MetaGeneration><LastModified>2019-03-12T19:25:31.583Z</LastModified><ETag>"445488632b27bf112162f240458c8b75"</ETag><Size>11</Size></Contents><Contents><Key>LATEST_RELEASE_74.0.3729</Key><Generation>1552418730367675</Generation><MetaGeneration>1</MetaGeneration><LastModified>2019-03-12T19:25:30.367Z</LastModified><ETag>"445488632b27bf112162f240458c8b75"</ETag><Size>11</Size></Contents><Contents><Key>LATEST_RELEASE_75</Key><Generation>1556582621634583</Generation><MetaGeneration>1</MetaGeneration><LastModified>2019-04-30T00:03:41.634Z</LastModified><ETag>"ecf09772c10c323775684f834d7bed0d"
11:28:46.663 [main] DEBUG org.apache.http.wire - http-outgoing-0 << ""</ETag><Size>11</Size></Contents><Contents><Key>LATEST_RELEASE_75.0.3770</Key><Generation>1556582620486500</Generation><MetaGeneration>1</MetaGeneration><LastModified>2019-04-30T00:03:40.486Z</LastModified><ETag>"ecf09772c10c323775684f834d7bed0d"</ETag><Size>11</Size></Contents><Contents><Key>icons/back.gif</Key><Generation>1380130924972000</Generation><MetaGeneration>4</MetaGeneration><LastModified>2013-09-25T17:42:04.972Z</LastModified><ETag>"4bce9846e05d3bffdfb293d47c840a8e"</ETag><Size>216</Size></Contents><Contents><Key>icons/binary.gif</Key><Generation>1380130933627000</Generation><MetaGeneration>4</MetaGeneration><LastModified>2013-09-25T17:42:13.627Z</LastModified><ETag>"96bd4beed88ff93356586485c13e5d89"</ETag><Size>246</Size></Contents><Contents><Key>icons/blank.gif</Key><Generation>1380130941334000</Generation><MetaGeneration>4</MetaGeneration><LastModified>2013-09-25T17:42:21.333Z</LastModified><ETag>"19517fb39a31be6b8d7ccf53ad84908f"</ETag><Size>148</Size></Contents><Contents><Key>icons/folder.gif</Key><Generation>1380130950680000</Generation><MetaGeneration>4</MetaGeneration><LastModified>2013-09-25T17:42:30.680Z</LastModified><ETag>"d342cba375fea336967317bdb5d7cf19"</ETag><Size>225</Size></Contents><Contents><Key>index.html</Key><Generation>1380128358912000</Generation><MetaGeneration>5</MetaGeneration><LastModified>2013-09-25T16:59:18.911Z</LastModifi"
11:28:46.663 [main] DEBUG org.apache.http.wire - http-outgoing-0 << "ed><ETag>"704b0f841aad1b1428481b7ff3c759c0"</ETag><Size>10574</Size></Contents></ListBucketResult>"
11:28:46.663 [main] DEBUG org.apache.http.impl.conn.PoolingHttpClientConnectionManager - Connection [id: 0][route: {s}->https://chromedriver.storage.googleapis.com:443] can be kept alive indefinitely
11:28:46.664 [main] DEBUG org.apache.http.impl.conn.DefaultManagedHttpClientConnection - http-outgoing-0: set socket timeout to 0
11:28:46.664 [main] DEBUG org.apache.http.impl.conn.PoolingHttpClientConnectionManager - Connection released: [id: 0][route: {s}->https://chromedriver.storage.googleapis.com:443][total kept alive: 1; route allocated: 1 of 2; total allocated: 1 of 20]
11:28:46.753 [main] INFO io.github.bonigarcia.wdm.WebDriverManager - Latest version of chromedriver is 75.0.3770.8
11:28:46.761 [main] INFO io.github.bonigarcia.wdm.Downloader - Using binary driver previously downloaded
11:28:46.762 [main] INFO io.github.bonigarcia.wdm.WebDriverManager - Exporting webdriver.chrome.driver as resources/selenium/chromedriver/mac64/75.0.3770.8/chromedriver
11:28:47.317 [main] DEBUG com.hybris.hybris123.runtime.tests.Hybris123Tests - In fail testDynamicAttributeView Connect Exception: session not created: This version of ChromeDriver only supports Chrome version 75
Build info: version: '3.14.0', revision: 'aacccce0', time: '2018-08-02T20:19:58.91Z'
System info: host: 'miztlis-MacBook-Pro.local', ip: 'fe80:0:0:0:7c:57b2:f17f:b0aa%en0', os.name: 'Mac OS X', os.arch: 'x86_64', os.version: '10.14.4', java.version: '1.8.0_211'
Driver info: driver.version: ChromeDriver
remote stacktrace: 0   chromedriver                        0x0000000104bfd8e9 chromedriver + 3594473
1   chromedriver                        0x0000000104b8d543 chromedriver + 3134787
2   chromedriver                        0x000000010493929f chromedriver + 692895
3   chromedriver                        0x00000001048a772b chromedriver + 96043
4   chromedriver                        0x00000001048a37d8 chromedriver + 79832
5   chromedriver                        0x00000001048cf6db chromedriver + 259803
6   chromedriver                        0x00000001048ccd13 chromedriver + 249107
7   chromedriver                        0x00000001048a978a chromedriver + 104330
8   chromedriver                        0x00000001048aa7d5 chromedriver + 108501
9   chromedriver                        0x0000000104bbc555 chromedriver + 3327317
10  chromedriver                        0x0000000104bc7e60 chromedriver + 3374688
11  chromedriver                        0x0000000104bc7bf8 chromedriver + 3374072
12  chromedriver                        0x0000000104b9bd39 chromedriver + 3194169
13  chromedriver                        0x0000000104bc86d8 chromedriver + 3376856
14  chromedriver                        0x0000000104baff27 chromedriver + 3276583
15  chromedriver                        0x0000000104be5064 chromedriver + 3493988
16  chromedriver                        0x0000000104c03617 chromedriver + 3618327
17  libsystem_pthread.dylib             0x00007fff7d8e32eb _pthread_body + 126
18  libsystem_pthread.dylib             0x00007fff7d8e6249 _pthread_start + 66
19  libsystem_pthread.dylib             0x00007fff7d8e240d thread_start + 13

]]></system-out>
    <system-err><![CDATA[Starting ChromeDriver 75.0.3770.8 (681f24ea911fe754973dda2fdc6d2a2e159dd300-refs/branch-heads/3770@{#40}) on port 16904
Only local connections are allowed.
Please protect ports used by ChromeDriver and related test frameworks to prevent access by malicious code.
]]></system-err>
  </testcase>
</testsuite>